The system is: Linux - 3.8.0-19-generic - x86_64
Compiling the C compiler identification source file "CMakeCCompilerId.c" succeeded.
Compiler: /usr/bin/cc 
Build flags: 
Id flags: 

The output was:
0


Compilation of the C compiler identification source "CMakeCCompilerId.c" produced "a.out"

The C compiler identification is GNU, found in "/home/noober/My Programming/Libraries/Allegro/allegro-5.0.10/build/CMakeFiles/2.8.10.1/CompilerIdC/a.out"

Compiling the CXX compiler identification source file "CMakeCXXCompilerId.cpp" succeeded.
Compiler: /usr/bin/c++ 
Build flags: 
Id flags: 

The output was:
0


Compilation of the CXX compiler identification source "CMakeCXXCompilerId.cpp" produced "a.out"

The CXX compiler identification is GNU, found in "/home/noober/My Programming/Libraries/Allegro/allegro-5.0.10/build/CMakeFiles/2.8.10.1/CompilerIdCXX/a.out"

Determining if the C compiler works passed with the following output:
Change Dir: /home/noober/My Programming/Libraries/Allegro/allegro-5.0.10/build/CMakeFiles/CMakeTmp

Run Build Command:/usr/bin/make "cmTryCompileExec52156965/fast"
/usr/bin/make -f CMakeFiles/cmTryCompileExec52156965.dir/build.make CMakeFiles/cmTryCompileExec52156965.dir/build
make[1]: Entering directory `/home/noober/My Programming/Libraries/Allegro/allegro-5.0.10/build/CMakeFiles/CMakeTmp'
/usr/bin/cmake -E cmake_progress_report "/home/noober/My Programming/Libraries/Allegro/allegro-5.0.10/build/CMakeFiles/CMakeTmp/CMakeFiles" 1
Building C object CMakeFiles/cmTryCompileExec52156965.dir/testCCompiler.c.o
/usr/bin/cc    -o CMakeFiles/cmTryCompileExec52156965.dir/testCCompiler.c.o   -c "/home/noober/My Programming/Libraries/Allegro/allegro-5.0.10/build/CMakeFiles/CMakeTmp/testCCompiler.c"
Linking C executable cmTryCompileExec52156965
/usr/bin/cmake -E cmake_link_script CMakeFiles/cmTryCompileExec52156965.dir/link.txt --verbose=1
/usr/bin/cc         CMakeFiles/cmTryCompileExec52156965.dir/testCCompiler.c.o  -o cmTryCompileExec52156965 -rdynamic 
make[1]: Leaving directory `/home/noober/My Programming/Libraries/Allegro/allegro-5.0.10/build/CMakeFiles/CMakeTmp'


Detecting C compiler ABI info compiled with the following output:
Change Dir: /home/noober/My Programming/Libraries/Allegro/allegro-5.0.10/build/CMakeFiles/CMakeTmp

Run Build Command:/usr/bin/make "cmTryCompileExec1783367371/fast"
/usr/bin/make -f CMakeFiles/cmTryCompileExec1783367371.dir/build.make CMakeFiles/cmTryCompileExec1783367371.dir/build
make[1]: Entering directory `/home/noober/My Programming/Libraries/Allegro/allegro-5.0.10/build/CMakeFiles/CMakeTmp'
/usr/bin/cmake -E cmake_progress_report "/home/noober/My Programming/Libraries/Allegro/allegro-5.0.10/build/CMakeFiles/CMakeTmp/CMakeFiles" 1
Building C object CMakeFiles/cmTryCompileExec1783367371.dir/CMakeCCompilerABI.c.o
/usr/bin/cc    -o CMakeFiles/cmTryCompileExec1783367371.dir/CMakeCCompilerABI.c.o   -c /usr/share/cmake-2.8/Modules/CMakeCCompilerABI.c
Linking C executable cmTryCompileExec1783367371
/usr/bin/cmake -E cmake_link_script CMakeFiles/cmTryCompileExec1783367371.dir/link.txt --verbose=1
/usr/bin/cc       -v CMakeFiles/cmTryCompileExec1783367371.dir/CMakeCCompilerABI.c.o  -o cmTryCompileExec1783367371 -rdynamic  
Using built-in specs.
COLLECT_GCC=/usr/bin/cc
COLLECT_LTO_WRAPPER=/usr/lib/gcc/x86_64-linux-gnu/4.7/lto-wrapper
Target: x86_64-linux-gnu
Configured with: ../src/configure -v --with-pkgversion='Ubuntu/Linaro 4.7.3-1ubuntu1' --with-bugurl=file:///usr/share/doc/gcc-4.7/README.Bugs --enable-languages=c,c++,go,fortran,objc,obj-c++ --prefix=/usr --program-suffix=-4.7 --enable-shared --enable-linker-build-id --libexecdir=/usr/lib --without-included-gettext --enable-threads=posix --with-gxx-include-dir=/usr/include/c++/4.7 --libdir=/usr/lib --enable-nls --with-sysroot=/ --enable-clocale=gnu --enable-libstdcxx-debug --enable-libstdcxx-time=yes --enable-gnu-unique-object --enable-plugin --with-system-zlib --enable-objc-gc --with-cloog --enable-cloog-backend=ppl --disable-cloog-version-check --disable-ppl-version-check --enable-multiarch --disable-werror --with-arch-32=i686 --with-abi=m64 --with-multilib-list=m32,m64,mx32 --with-tune=generic --enable-checking=release --build=x86_64-linux-gnu --host=x86_64-linux-gnu --target=x86_64-linux-gnu
Thread model: posix
gcc version 4.7.3 (Ubuntu/Linaro 4.7.3-1ubuntu1) 
COMPILER_PATH=/usr/lib/gcc/x86_64-linux-gnu/4.7/:/usr/lib/gcc/x86_64-linux-gnu/4.7/:/usr/lib/gcc/x86_64-linux-gnu/:/usr/lib/gcc/x86_64-linux-gnu/4.7/:/usr/lib/gcc/x86_64-linux-gnu/
LIBRARY_PATH=/usr/lib/gcc/x86_64-linux-gnu/4.7/:/usr/lib/gcc/x86_64-linux-gnu/4.7/../../../x86_64-linux-gnu/:/usr/lib/gcc/x86_64-linux-gnu/4.7/../../../../lib/:/lib/x86_64-linux-gnu/:/lib/../lib/:/usr/lib/x86_64-linux-gnu/:/usr/lib/../lib/:/usr/lib/gcc/x86_64-linux-gnu/4.7/../../../:/lib/:/usr/lib/
COLLECT_GCC_OPTIONS='-v' '-o' 'cmTryCompileExec1783367371' '-rdynamic' '-mtune=generic' '-march=x86-64'
 /usr/lib/gcc/x86_64-linux-gnu/4.7/collect2 --sysroot=/ --build-id --eh-frame-hdr -m elf_x86_64 --hash-style=gnu --as-needed -export-dynamic -dynamic-linker /lib64/ld-linux-x86-64.so.2 -z relro -o cmTryCompileExec1783367371 /usr/lib/gcc/x86_64-linux-gnu/4.7/../../../x86_64-linux-gnu/crt1.o /usr/lib/gcc/x86_64-linux-gnu/4.7/../../../x86_64-linux-gnu/crti.o /usr/lib/gcc/x86_64-linux-gnu/4.7/crtbegin.o -L/usr/lib/gcc/x86_64-linux-gnu/4.7 -L/usr/lib/gcc/x86_64-linux-gnu/4.7/../../../x86_64-linux-gnu -L/usr/lib/gcc/x86_64-linux-gnu/4.7/../../../../lib -L/lib/x86_64-linux-gnu -L/lib/../lib -L/usr/lib/x86_64-linux-gnu -L/usr/lib/../lib -L/usr/lib/gcc/x86_64-linux-gnu/4.7/../../.. CMakeFiles/cmTryCompileExec1783367371.dir/CMakeCCompilerABI.c.o -lgcc --as-needed -lgcc_s --no-as-needed -lc -lgcc --as-needed -lgcc_s --no-as-needed /usr/lib/gcc/x86_64-linux-gnu/4.7/crtend.o /usr/lib/gcc/x86_64-linux-gnu/4.7/../../../x86_64-linux-gnu/crtn.o
make[1]: Leaving directory `/home/noober/My Programming/Libraries/Allegro/allegro-5.0.10/build/CMakeFiles/CMakeTmp'


Parsed C implicit link information from above output:
  link line regex: [^( *|.*[/\])(ld|ld|collect2)[^/\]*( |$)]
  ignore line: [Change Dir: /home/noober/My Programming/Libraries/Allegro/allegro-5.0.10/build/CMakeFiles/CMakeTmp]
  ignore line: []
  ignore line: [Run Build Command:/usr/bin/make "cmTryCompileExec1783367371/fast"]
  ignore line: [/usr/bin/make -f CMakeFiles/cmTryCompileExec1783367371.dir/build.make CMakeFiles/cmTryCompileExec1783367371.dir/build]
  ignore line: [make[1]: Entering directory `/home/noober/My Programming/Libraries/Allegro/allegro-5.0.10/build/CMakeFiles/CMakeTmp']
  ignore line: [/usr/bin/cmake -E cmake_progress_report "/home/noober/My Programming/Libraries/Allegro/allegro-5.0.10/build/CMakeFiles/CMakeTmp/CMakeFiles" 1]
  ignore line: [Building C object CMakeFiles/cmTryCompileExec1783367371.dir/CMakeCCompilerABI.c.o]
  ignore line: [/usr/bin/cc    -o CMakeFiles/cmTryCompileExec1783367371.dir/CMakeCCompilerABI.c.o   -c /usr/share/cmake-2.8/Modules/CMakeCCompilerABI.c]
  ignore line: [Linking C executable cmTryCompileExec1783367371]
  ignore line: [/usr/bin/cmake -E cmake_link_script CMakeFiles/cmTryCompileExec1783367371.dir/link.txt --verbose=1]
  ignore line: [/usr/bin/cc       -v CMakeFiles/cmTryCompileExec1783367371.dir/CMakeCCompilerABI.c.o  -o cmTryCompileExec1783367371 -rdynamic  ]
  ignore line: [Using built-in specs.]
  ignore line: [COLLECT_GCC=/usr/bin/cc]
  ignore line: [COLLECT_LTO_WRAPPER=/usr/lib/gcc/x86_64-linux-gnu/4.7/lto-wrapper]
  ignore line: [Target: x86_64-linux-gnu]
  ignore line: [Configured with: ../src/configure -v --with-pkgversion='Ubuntu/Linaro 4.7.3-1ubuntu1' --with-bugurl=file:///usr/share/doc/gcc-4.7/README.Bugs --enable-languages=c,c++,go,fortran,objc,obj-c++ --prefix=/usr --program-suffix=-4.7 --enable-shared --enable-linker-build-id --libexecdir=/usr/lib --without-included-gettext --enable-threads=posix --with-gxx-include-dir=/usr/include/c++/4.7 --libdir=/usr/lib --enable-nls --with-sysroot=/ --enable-clocale=gnu --enable-libstdcxx-debug --enable-libstdcxx-time=yes --enable-gnu-unique-object --enable-plugin --with-system-zlib --enable-objc-gc --with-cloog --enable-cloog-backend=ppl --disable-cloog-version-check --disable-ppl-version-check --enable-multiarch --disable-werror --with-arch-32=i686 --with-abi=m64 --with-multilib-list=m32,m64,mx32 --with-tune=generic --enable-checking=release --build=x86_64-linux-gnu --host=x86_64-linux-gnu --target=x86_64-linux-gnu]
  ignore line: [Thread model: posix]
  ignore line: [gcc version 4.7.3 (Ubuntu/Linaro 4.7.3-1ubuntu1) ]
  ignore line: [COMPILER_PATH=/usr/lib/gcc/x86_64-linux-gnu/4.7/:/usr/lib/gcc/x86_64-linux-gnu/4.7/:/usr/lib/gcc/x86_64-linux-gnu/:/usr/lib/gcc/x86_64-linux-gnu/4.7/:/usr/lib/gcc/x86_64-linux-gnu/]
  ignore line: [LIBRARY_PATH=/usr/lib/gcc/x86_64-linux-gnu/4.7/:/usr/lib/gcc/x86_64-linux-gnu/4.7/../../../x86_64-linux-gnu/:/usr/lib/gcc/x86_64-linux-gnu/4.7/../../../../lib/:/lib/x86_64-linux-gnu/:/lib/../lib/:/usr/lib/x86_64-linux-gnu/:/usr/lib/../lib/:/usr/lib/gcc/x86_64-linux-gnu/4.7/../../../:/lib/:/usr/lib/]
  ignore line: [COLLECT_GCC_OPTIONS='-v' '-o' 'cmTryCompileExec1783367371' '-rdynamic' '-mtune=generic' '-march=x86-64']
  link line: [ /usr/lib/gcc/x86_64-linux-gnu/4.7/collect2 --sysroot=/ --build-id --eh-frame-hdr -m elf_x86_64 --hash-style=gnu --as-needed -export-dynamic -dynamic-linker /lib64/ld-linux-x86-64.so.2 -z relro -o cmTryCompileExec1783367371 /usr/lib/gcc/x86_64-linux-gnu/4.7/../../../x86_64-linux-gnu/crt1.o /usr/lib/gcc/x86_64-linux-gnu/4.7/../../../x86_64-linux-gnu/crti.o /usr/lib/gcc/x86_64-linux-gnu/4.7/crtbegin.o -L/usr/lib/gcc/x86_64-linux-gnu/4.7 -L/usr/lib/gcc/x86_64-linux-gnu/4.7/../../../x86_64-linux-gnu -L/usr/lib/gcc/x86_64-linux-gnu/4.7/../../../../lib -L/lib/x86_64-linux-gnu -L/lib/../lib -L/usr/lib/x86_64-linux-gnu -L/usr/lib/../lib -L/usr/lib/gcc/x86_64-linux-gnu/4.7/../../.. CMakeFiles/cmTryCompileExec1783367371.dir/CMakeCCompilerABI.c.o -lgcc --as-needed -lgcc_s --no-as-needed -lc -lgcc --as-needed -lgcc_s --no-as-needed /usr/lib/gcc/x86_64-linux-gnu/4.7/crtend.o /usr/lib/gcc/x86_64-linux-gnu/4.7/../../../x86_64-linux-gnu/crtn.o]
    arg [/usr/lib/gcc/x86_64-linux-gnu/4.7/collect2] ==> ignore
    arg [--sysroot=/] ==> ignore
    arg [--build-id] ==> ignore
    arg [--eh-frame-hdr] ==> ignore
    arg [-m] ==> ignore
    arg [elf_x86_64] ==> ignore
    arg [--hash-style=gnu] ==> ignore
    arg [--as-needed] ==> ignore
    arg [-export-dynamic] ==> ignore
    arg [-dynamic-linker] ==> ignore
    arg [/lib64/ld-linux-x86-64.so.2] ==> ignore
    arg [-zrelro] ==> ignore
    arg [-o] ==> ignore
    arg [cmTryCompileExec1783367371] ==> ignore
    arg [/usr/lib/gcc/x86_64-linux-gnu/4.7/../../../x86_64-linux-gnu/crt1.o] ==> ignore
    arg [/usr/lib/gcc/x86_64-linux-gnu/4.7/../../../x86_64-linux-gnu/crti.o] ==> ignore
    arg [/usr/lib/gcc/x86_64-linux-gnu/4.7/crtbegin.o] ==> ignore
    arg [-L/usr/lib/gcc/x86_64-linux-gnu/4.7] ==> dir [/usr/lib/gcc/x86_64-linux-gnu/4.7]
    arg [-L/usr/lib/gcc/x86_64-linux-gnu/4.7/../../../x86_64-linux-gnu] ==> dir [/usr/lib/gcc/x86_64-linux-gnu/4.7/../../../x86_64-linux-gnu]
    arg [-L/usr/lib/gcc/x86_64-linux-gnu/4.7/../../../../lib] ==> dir [/usr/lib/gcc/x86_64-linux-gnu/4.7/../../../../lib]
    arg [-L/lib/x86_64-linux-gnu] ==> dir [/lib/x86_64-linux-gnu]
    arg [-L/lib/../lib] ==> dir [/lib/../lib]
    arg [-L/usr/lib/x86_64-linux-gnu] ==> dir [/usr/lib/x86_64-linux-gnu]
    arg [-L/usr/lib/../lib] ==> dir [/usr/lib/../lib]
    arg [-L/usr/lib/gcc/x86_64-linux-gnu/4.7/../../..] ==> dir [/usr/lib/gcc/x86_64-linux-gnu/4.7/../../..]
    arg [CMakeFiles/cmTryCompileExec1783367371.dir/CMakeCCompilerABI.c.o] ==> ignore
    arg [-lgcc] ==> lib [gcc]
    arg [--as-needed] ==> ignore
    arg [-lgcc_s] ==> lib [gcc_s]
    arg [--no-as-needed] ==> ignore
    arg [-lc] ==> lib [c]
    arg [-lgcc] ==> lib [gcc]
    arg [--as-needed] ==> ignore
    arg [-lgcc_s] ==> lib [gcc_s]
    arg [--no-as-needed] ==> ignore
    arg [/usr/lib/gcc/x86_64-linux-gnu/4.7/crtend.o] ==> ignore
    arg [/usr/lib/gcc/x86_64-linux-gnu/4.7/../../../x86_64-linux-gnu/crtn.o] ==> ignore
  remove lib [gcc]
  remove lib [gcc_s]
  remove lib [gcc]
  remove lib [gcc_s]
  collapse dir [/usr/lib/gcc/x86_64-linux-gnu/4.7] ==> [/usr/lib/gcc/x86_64-linux-gnu/4.7]
  collapse dir [/usr/lib/gcc/x86_64-linux-gnu/4.7/../../../x86_64-linux-gnu] ==> [/usr/lib/x86_64-linux-gnu]
  collapse dir [/usr/lib/gcc/x86_64-linux-gnu/4.7/../../../../lib] ==> [/usr/lib]
  collapse dir [/lib/x86_64-linux-gnu] ==> [/lib/x86_64-linux-gnu]
  collapse dir [/lib/../lib] ==> [/lib]
  collapse dir [/usr/lib/x86_64-linux-gnu] ==> [/usr/lib/x86_64-linux-gnu]
  collapse dir [/usr/lib/../lib] ==> [/usr/lib]
  collapse dir [/usr/lib/gcc/x86_64-linux-gnu/4.7/../../..] ==> [/usr/lib]
  implicit libs: [c]
  implicit dirs: [/usr/lib/gcc/x86_64-linux-gnu/4.7;/usr/lib/x86_64-linux-gnu;/usr/lib;/lib/x86_64-linux-gnu;/lib]


Determining if the CXX compiler works passed with the following output:
Change Dir: /home/noober/My Programming/Libraries/Allegro/allegro-5.0.10/build/CMakeFiles/CMakeTmp

Run Build Command:/usr/bin/make "cmTryCompileExec4112658952/fast"
/usr/bin/make -f CMakeFiles/cmTryCompileExec4112658952.dir/build.make CMakeFiles/cmTryCompileExec4112658952.dir/build
make[1]: Entering directory `/home/noober/My Programming/Libraries/Allegro/allegro-5.0.10/build/CMakeFiles/CMakeTmp'
/usr/bin/cmake -E cmake_progress_report "/home/noober/My Programming/Libraries/Allegro/allegro-5.0.10/build/CMakeFiles/CMakeTmp/CMakeFiles" 1
Building CXX object CMakeFiles/cmTryCompileExec4112658952.dir/testCXXCompiler.cxx.o
/usr/bin/c++     -o CMakeFiles/cmTryCompileExec4112658952.dir/testCXXCompiler.cxx.o -c "/home/noober/My Programming/Libraries/Allegro/allegro-5.0.10/build/CMakeFiles/CMakeTmp/testCXXCompiler.cxx"
Linking CXX executable cmTryCompileExec4112658952
/usr/bin/cmake -E cmake_link_script CMakeFiles/cmTryCompileExec4112658952.dir/link.txt --verbose=1
/usr/bin/c++          CMakeFiles/cmTryCompileExec4112658952.dir/testCXXCompiler.cxx.o  -o cmTryCompileExec4112658952 -rdynamic 
make[1]: Leaving directory `/home/noober/My Programming/Libraries/Allegro/allegro-5.0.10/build/CMakeFiles/CMakeTmp'


Detecting CXX compiler ABI info compiled with the following output:
Change Dir: /home/noober/My Programming/Libraries/Allegro/allegro-5.0.10/build/CMakeFiles/CMakeTmp

Run Build Command:/usr/bin/make "cmTryCompileExec3670531000/fast"
/usr/bin/make -f CMakeFiles/cmTryCompileExec3670531000.dir/build.make CMakeFiles/cmTryCompileExec3670531000.dir/build
make[1]: Entering directory `/home/noober/My Programming/Libraries/Allegro/allegro-5.0.10/build/CMakeFiles/CMakeTmp'
/usr/bin/cmake -E cmake_progress_report "/home/noober/My Programming/Libraries/Allegro/allegro-5.0.10/build/CMakeFiles/CMakeTmp/CMakeFiles" 1
Building CXX object CMakeFiles/cmTryCompileExec3670531000.dir/CMakeCXXCompilerABI.cpp.o
/usr/bin/c++     -o CMakeFiles/cmTryCompileExec3670531000.dir/CMakeCXXCompilerABI.cpp.o -c /usr/share/cmake-2.8/Modules/CMakeCXXCompilerABI.cpp
Linking CXX executable cmTryCompileExec3670531000
/usr/bin/cmake -E cmake_link_script CMakeFiles/cmTryCompileExec3670531000.dir/link.txt --verbose=1
/usr/bin/c++        -v CMakeFiles/cmTryCompileExec3670531000.dir/CMakeCXXCompilerABI.cpp.o  -o cmTryCompileExec3670531000 -rdynamic  
Using built-in specs.
COLLECT_GCC=/usr/bin/c++
COLLECT_LTO_WRAPPER=/usr/lib/gcc/x86_64-linux-gnu/4.7/lto-wrapper
Target: x86_64-linux-gnu
Configured with: ../src/configure -v --with-pkgversion='Ubuntu/Linaro 4.7.3-1ubuntu1' --with-bugurl=file:///usr/share/doc/gcc-4.7/README.Bugs --enable-languages=c,c++,go,fortran,objc,obj-c++ --prefix=/usr --program-suffix=-4.7 --enable-shared --enable-linker-build-id --libexecdir=/usr/lib --without-included-gettext --enable-threads=posix --with-gxx-include-dir=/usr/include/c++/4.7 --libdir=/usr/lib --enable-nls --with-sysroot=/ --enable-clocale=gnu --enable-libstdcxx-debug --enable-libstdcxx-time=yes --enable-gnu-unique-object --enable-plugin --with-system-zlib --enable-objc-gc --with-cloog --enable-cloog-backend=ppl --disable-cloog-version-check --disable-ppl-version-check --enable-multiarch --disable-werror --with-arch-32=i686 --with-abi=m64 --with-multilib-list=m32,m64,mx32 --with-tune=generic --enable-checking=release --build=x86_64-linux-gnu --host=x86_64-linux-gnu --target=x86_64-linux-gnu
Thread model: posix
gcc version 4.7.3 (Ubuntu/Linaro 4.7.3-1ubuntu1) 
COMPILER_PATH=/usr/lib/gcc/x86_64-linux-gnu/4.7/:/usr/lib/gcc/x86_64-linux-gnu/4.7/:/usr/lib/gcc/x86_64-linux-gnu/:/usr/lib/gcc/x86_64-linux-gnu/4.7/:/usr/lib/gcc/x86_64-linux-gnu/
LIBRARY_PATH=/usr/lib/gcc/x86_64-linux-gnu/4.7/:/usr/lib/gcc/x86_64-linux-gnu/4.7/../../../x86_64-linux-gnu/:/usr/lib/gcc/x86_64-linux-gnu/4.7/../../../../lib/:/lib/x86_64-linux-gnu/:/lib/../lib/:/usr/lib/x86_64-linux-gnu/:/usr/lib/../lib/:/usr/lib/gcc/x86_64-linux-gnu/4.7/../../../:/lib/:/usr/lib/
COLLECT_GCC_OPTIONS='-v' '-o' 'cmTryCompileExec3670531000' '-rdynamic' '-shared-libgcc' '-mtune=generic' '-march=x86-64'
 /usr/lib/gcc/x86_64-linux-gnu/4.7/collect2 --sysroot=/ --build-id --eh-frame-hdr -m elf_x86_64 --hash-style=gnu --as-needed -export-dynamic -dynamic-linker /lib64/ld-linux-x86-64.so.2 -z relro -o cmTryCompileExec3670531000 /usr/lib/gcc/x86_64-linux-gnu/4.7/../../../x86_64-linux-gnu/crt1.o /usr/lib/gcc/x86_64-linux-gnu/4.7/../../../x86_64-linux-gnu/crti.o /usr/lib/gcc/x86_64-linux-gnu/4.7/crtbegin.o -L/usr/lib/gcc/x86_64-linux-gnu/4.7 -L/usr/lib/gcc/x86_64-linux-gnu/4.7/../../../x86_64-linux-gnu -L/usr/lib/gcc/x86_64-linux-gnu/4.7/../../../../lib -L/lib/x86_64-linux-gnu -L/lib/../lib -L/usr/lib/x86_64-linux-gnu -L/usr/lib/../lib -L/usr/lib/gcc/x86_64-linux-gnu/4.7/../../.. CMakeFiles/cmTryCompileExec3670531000.dir/CMakeCXXCompilerABI.cpp.o -lstdc++ -lm -lgcc_s -lgcc -lc -lgcc_s -lgcc /usr/lib/gcc/x86_64-linux-gnu/4.7/crtend.o /usr/lib/gcc/x86_64-linux-gnu/4.7/../../../x86_64-linux-gnu/crtn.o
make[1]: Leaving directory `/home/noober/My Programming/Libraries/Allegro/allegro-5.0.10/build/CMakeFiles/CMakeTmp'


Parsed CXX implicit link information from above output:
  link line regex: [^( *|.*[/\])(ld|ld|collect2)[^/\]*( |$)]
  ignore line: [Change Dir: /home/noober/My Programming/Libraries/Allegro/allegro-5.0.10/build/CMakeFiles/CMakeTmp]
  ignore line: []
  ignore line: [Run Build Command:/usr/bin/make "cmTryCompileExec3670531000/fast"]
  ignore line: [/usr/bin/make -f CMakeFiles/cmTryCompileExec3670531000.dir/build.make CMakeFiles/cmTryCompileExec3670531000.dir/build]
  ignore line: [make[1]: Entering directory `/home/noober/My Programming/Libraries/Allegro/allegro-5.0.10/build/CMakeFiles/CMakeTmp']
  ignore line: [/usr/bin/cmake -E cmake_progress_report "/home/noober/My Programming/Libraries/Allegro/allegro-5.0.10/build/CMakeFiles/CMakeTmp/CMakeFiles" 1]
  ignore line: [Building CXX object CMakeFiles/cmTryCompileExec3670531000.dir/CMakeCXXCompilerABI.cpp.o]
  ignore line: [/usr/bin/c++     -o CMakeFiles/cmTryCompileExec3670531000.dir/CMakeCXXCompilerABI.cpp.o -c /usr/share/cmake-2.8/Modules/CMakeCXXCompilerABI.cpp]
  ignore line: [Linking CXX executable cmTryCompileExec3670531000]
  ignore line: [/usr/bin/cmake -E cmake_link_script CMakeFiles/cmTryCompileExec3670531000.dir/link.txt --verbose=1]
  ignore line: [/usr/bin/c++        -v CMakeFiles/cmTryCompileExec3670531000.dir/CMakeCXXCompilerABI.cpp.o  -o cmTryCompileExec3670531000 -rdynamic  ]
  ignore line: [Using built-in specs.]
  ignore line: [COLLECT_GCC=/usr/bin/c++]
  ignore line: [COLLECT_LTO_WRAPPER=/usr/lib/gcc/x86_64-linux-gnu/4.7/lto-wrapper]
  ignore line: [Target: x86_64-linux-gnu]
  ignore line: [Configured with: ../src/configure -v --with-pkgversion='Ubuntu/Linaro 4.7.3-1ubuntu1' --with-bugurl=file:///usr/share/doc/gcc-4.7/README.Bugs --enable-languages=c,c++,go,fortran,objc,obj-c++ --prefix=/usr --program-suffix=-4.7 --enable-shared --enable-linker-build-id --libexecdir=/usr/lib --without-included-gettext --enable-threads=posix --with-gxx-include-dir=/usr/include/c++/4.7 --libdir=/usr/lib --enable-nls --with-sysroot=/ --enable-clocale=gnu --enable-libstdcxx-debug --enable-libstdcxx-time=yes --enable-gnu-unique-object --enable-plugin --with-system-zlib --enable-objc-gc --with-cloog --enable-cloog-backend=ppl --disable-cloog-version-check --disable-ppl-version-check --enable-multiarch --disable-werror --with-arch-32=i686 --with-abi=m64 --with-multilib-list=m32,m64,mx32 --with-tune=generic --enable-checking=release --build=x86_64-linux-gnu --host=x86_64-linux-gnu --target=x86_64-linux-gnu]
  ignore line: [Thread model: posix]
  ignore line: [gcc version 4.7.3 (Ubuntu/Linaro 4.7.3-1ubuntu1) ]
  ignore line: [COMPILER_PATH=/usr/lib/gcc/x86_64-linux-gnu/4.7/:/usr/lib/gcc/x86_64-linux-gnu/4.7/:/usr/lib/gcc/x86_64-linux-gnu/:/usr/lib/gcc/x86_64-linux-gnu/4.7/:/usr/lib/gcc/x86_64-linux-gnu/]
  ignore line: [LIBRARY_PATH=/usr/lib/gcc/x86_64-linux-gnu/4.7/:/usr/lib/gcc/x86_64-linux-gnu/4.7/../../../x86_64-linux-gnu/:/usr/lib/gcc/x86_64-linux-gnu/4.7/../../../../lib/:/lib/x86_64-linux-gnu/:/lib/../lib/:/usr/lib/x86_64-linux-gnu/:/usr/lib/../lib/:/usr/lib/gcc/x86_64-linux-gnu/4.7/../../../:/lib/:/usr/lib/]
  ignore line: [COLLECT_GCC_OPTIONS='-v' '-o' 'cmTryCompileExec3670531000' '-rdynamic' '-shared-libgcc' '-mtune=generic' '-march=x86-64']
  link line: [ /usr/lib/gcc/x86_64-linux-gnu/4.7/collect2 --sysroot=/ --build-id --eh-frame-hdr -m elf_x86_64 --hash-style=gnu --as-needed -export-dynamic -dynamic-linker /lib64/ld-linux-x86-64.so.2 -z relro -o cmTryCompileExec3670531000 /usr/lib/gcc/x86_64-linux-gnu/4.7/../../../x86_64-linux-gnu/crt1.o /usr/lib/gcc/x86_64-linux-gnu/4.7/../../../x86_64-linux-gnu/crti.o /usr/lib/gcc/x86_64-linux-gnu/4.7/crtbegin.o -L/usr/lib/gcc/x86_64-linux-gnu/4.7 -L/usr/lib/gcc/x86_64-linux-gnu/4.7/../../../x86_64-linux-gnu -L/usr/lib/gcc/x86_64-linux-gnu/4.7/../../../../lib -L/lib/x86_64-linux-gnu -L/lib/../lib -L/usr/lib/x86_64-linux-gnu -L/usr/lib/../lib -L/usr/lib/gcc/x86_64-linux-gnu/4.7/../../.. CMakeFiles/cmTryCompileExec3670531000.dir/CMakeCXXCompilerABI.cpp.o -lstdc++ -lm -lgcc_s -lgcc -lc -lgcc_s -lgcc /usr/lib/gcc/x86_64-linux-gnu/4.7/crtend.o /usr/lib/gcc/x86_64-linux-gnu/4.7/../../../x86_64-linux-gnu/crtn.o]
    arg [/usr/lib/gcc/x86_64-linux-gnu/4.7/collect2] ==> ignore
    arg [--sysroot=/] ==> ignore
    arg [--build-id] ==> ignore
    arg [--eh-frame-hdr] ==> ignore
    arg [-m] ==> ignore
    arg [elf_x86_64] ==> ignore
    arg [--hash-style=gnu] ==> ignore
    arg [--as-needed] ==> ignore
    arg [-export-dynamic] ==> ignore
    arg [-dynamic-linker] ==> ignore
    arg [/lib64/ld-linux-x86-64.so.2] ==> ignore
    arg [-zrelro] ==> ignore
    arg [-o] ==> ignore
    arg [cmTryCompileExec3670531000] ==> ignore
    arg [/usr/lib/gcc/x86_64-linux-gnu/4.7/../../../x86_64-linux-gnu/crt1.o] ==> ignore
    arg [/usr/lib/gcc/x86_64-linux-gnu/4.7/../../../x86_64-linux-gnu/crti.o] ==> ignore
    arg [/usr/lib/gcc/x86_64-linux-gnu/4.7/crtbegin.o] ==> ignore
    arg [-L/usr/lib/gcc/x86_64-linux-gnu/4.7] ==> dir [/usr/lib/gcc/x86_64-linux-gnu/4.7]
    arg [-L/usr/lib/gcc/x86_64-linux-gnu/4.7/../../../x86_64-linux-gnu] ==> dir [/usr/lib/gcc/x86_64-linux-gnu/4.7/../../../x86_64-linux-gnu]
    arg [-L/usr/lib/gcc/x86_64-linux-gnu/4.7/../../../../lib] ==> dir [/usr/lib/gcc/x86_64-linux-gnu/4.7/../../../../lib]
    arg [-L/lib/x86_64-linux-gnu] ==> dir [/lib/x86_64-linux-gnu]
    arg [-L/lib/../lib] ==> dir [/lib/../lib]
    arg [-L/usr/lib/x86_64-linux-gnu] ==> dir [/usr/lib/x86_64-linux-gnu]
    arg [-L/usr/lib/../lib] ==> dir [/usr/lib/../lib]
    arg [-L/usr/lib/gcc/x86_64-linux-gnu/4.7/../../..] ==> dir [/usr/lib/gcc/x86_64-linux-gnu/4.7/../../..]
    arg [CMakeFiles/cmTryCompileExec3670531000.dir/CMakeCXXCompilerABI.cpp.o] ==> ignore
    arg [-lstdc++] ==> lib [stdc++]
    arg [-lm] ==> lib [m]
    arg [-lgcc_s] ==> lib [gcc_s]
    arg [-lgcc] ==> lib [gcc]
    arg [-lc] ==> lib [c]
    arg [-lgcc_s] ==> lib [gcc_s]
    arg [-lgcc] ==> lib [gcc]
    arg [/usr/lib/gcc/x86_64-linux-gnu/4.7/crtend.o] ==> ignore
    arg [/usr/lib/gcc/x86_64-linux-gnu/4.7/../../../x86_64-linux-gnu/crtn.o] ==> ignore
  remove lib [gcc_s]
  remove lib [gcc]
  remove lib [gcc_s]
  remove lib [gcc]
  collapse dir [/usr/lib/gcc/x86_64-linux-gnu/4.7] ==> [/usr/lib/gcc/x86_64-linux-gnu/4.7]
  collapse dir [/usr/lib/gcc/x86_64-linux-gnu/4.7/../../../x86_64-linux-gnu] ==> [/usr/lib/x86_64-linux-gnu]
  collapse dir [/usr/lib/gcc/x86_64-linux-gnu/4.7/../../../../lib] ==> [/usr/lib]
  collapse dir [/lib/x86_64-linux-gnu] ==> [/lib/x86_64-linux-gnu]
  collapse dir [/lib/../lib] ==> [/lib]
  collapse dir [/usr/lib/x86_64-linux-gnu] ==> [/usr/lib/x86_64-linux-gnu]
  collapse dir [/usr/lib/../lib] ==> [/usr/lib]
  collapse dir [/usr/lib/gcc/x86_64-linux-gnu/4.7/../../..] ==> [/usr/lib]
  implicit libs: [stdc++;m;c]
  implicit dirs: [/usr/lib/gcc/x86_64-linux-gnu/4.7;/usr/lib/x86_64-linux-gnu;/usr/lib;/lib/x86_64-linux-gnu;/lib]


Determining if the include file sys/types.h exists passed with the following output:
Change Dir: /home/noober/My Programming/Libraries/Allegro/allegro-5.0.10/build/CMakeFiles/CMakeTmp

Run Build Command:/usr/bin/make "cmTryCompileExec2991182194/fast"
/usr/bin/make -f CMakeFiles/cmTryCompileExec2991182194.dir/build.make CMakeFiles/cmTryCompileExec2991182194.dir/build
make[1]: Entering directory `/home/noober/My Programming/Libraries/Allegro/allegro-5.0.10/build/CMakeFiles/CMakeTmp'
/usr/bin/cmake -E cmake_progress_report "/home/noober/My Programming/Libraries/Allegro/allegro-5.0.10/build/CMakeFiles/CMakeTmp/CMakeFiles" 1
Building C object CMakeFiles/cmTryCompileExec2991182194.dir/CheckIncludeFile.c.o
/usr/bin/cc   -msse -W -Wall      -o CMakeFiles/cmTryCompileExec2991182194.dir/CheckIncludeFile.c.o   -c "/home/noober/My Programming/Libraries/Allegro/allegro-5.0.10/build/CMakeFiles/CMakeTmp/CheckIncludeFile.c"
Linking C executable cmTryCompileExec2991182194
/usr/bin/cmake -E cmake_link_script CMakeFiles/cmTryCompileExec2991182194.dir/link.txt --verbose=1
/usr/bin/cc    -msse -W -Wall       CMakeFiles/cmTryCompileExec2991182194.dir/CheckIncludeFile.c.o  -o cmTryCompileExec2991182194 -rdynamic 
make[1]: Leaving directory `/home/noober/My Programming/Libraries/Allegro/allegro-5.0.10/build/CMakeFiles/CMakeTmp'


Determining if the include file stdint.h exists passed with the following output:
Change Dir: /home/noober/My Programming/Libraries/Allegro/allegro-5.0.10/build/CMakeFiles/CMakeTmp

Run Build Command:/usr/bin/make "cmTryCompileExec79076343/fast"
/usr/bin/make -f CMakeFiles/cmTryCompileExec79076343.dir/build.make CMakeFiles/cmTryCompileExec79076343.dir/build
make[1]: Entering directory `/home/noober/My Programming/Libraries/Allegro/allegro-5.0.10/build/CMakeFiles/CMakeTmp'
/usr/bin/cmake -E cmake_progress_report "/home/noober/My Programming/Libraries/Allegro/allegro-5.0.10/build/CMakeFiles/CMakeTmp/CMakeFiles" 1
Building C object CMakeFiles/cmTryCompileExec79076343.dir/CheckIncludeFile.c.o
/usr/bin/cc   -msse -W -Wall      -o CMakeFiles/cmTryCompileExec79076343.dir/CheckIncludeFile.c.o   -c "/home/noober/My Programming/Libraries/Allegro/allegro-5.0.10/build/CMakeFiles/CMakeTmp/CheckIncludeFile.c"
Linking C executable cmTryCompileExec79076343
/usr/bin/cmake -E cmake_link_script CMakeFiles/cmTryCompileExec79076343.dir/link.txt --verbose=1
/usr/bin/cc    -msse -W -Wall       CMakeFiles/cmTryCompileExec79076343.dir/CheckIncludeFile.c.o  -o cmTryCompileExec79076343 -rdynamic 
make[1]: Leaving directory `/home/noober/My Programming/Libraries/Allegro/allegro-5.0.10/build/CMakeFiles/CMakeTmp'


Determining if the include file stddef.h exists passed with the following output:
Change Dir: /home/noober/My Programming/Libraries/Allegro/allegro-5.0.10/build/CMakeFiles/CMakeTmp

Run Build Command:/usr/bin/make "cmTryCompileExec2994048860/fast"
/usr/bin/make -f CMakeFiles/cmTryCompileExec2994048860.dir/build.make CMakeFiles/cmTryCompileExec2994048860.dir/build
make[1]: Entering directory `/home/noober/My Programming/Libraries/Allegro/allegro-5.0.10/build/CMakeFiles/CMakeTmp'
/usr/bin/cmake -E cmake_progress_report "/home/noober/My Programming/Libraries/Allegro/allegro-5.0.10/build/CMakeFiles/CMakeTmp/CMakeFiles" 1
Building C object CMakeFiles/cmTryCompileExec2994048860.dir/CheckIncludeFile.c.o
/usr/bin/cc   -msse -W -Wall      -o CMakeFiles/cmTryCompileExec2994048860.dir/CheckIncludeFile.c.o   -c "/home/noober/My Programming/Libraries/Allegro/allegro-5.0.10/build/CMakeFiles/CMakeTmp/CheckIncludeFile.c"
Linking C executable cmTryCompileExec2994048860
/usr/bin/cmake -E cmake_link_script CMakeFiles/cmTryCompileExec2994048860.dir/link.txt --verbose=1
/usr/bin/cc    -msse -W -Wall       CMakeFiles/cmTryCompileExec2994048860.dir/CheckIncludeFile.c.o  -o cmTryCompileExec2994048860 -rdynamic 
make[1]: Leaving directory `/home/noober/My Programming/Libraries/Allegro/allegro-5.0.10/build/CMakeFiles/CMakeTmp'


Determining size of unsigned short passed with the following output:
Change Dir: /home/noober/My Programming/Libraries/Allegro/allegro-5.0.10/build/CMakeFiles/CMakeTmp

Run Build Command:/usr/bin/make "cmTryCompileExec682160167/fast"
/usr/bin/make -f CMakeFiles/cmTryCompileExec682160167.dir/build.make CMakeFiles/cmTryCompileExec682160167.dir/build
make[1]: Entering directory `/home/noober/My Programming/Libraries/Allegro/allegro-5.0.10/build/CMakeFiles/CMakeTmp'
/usr/bin/cmake -E cmake_progress_report "/home/noober/My Programming/Libraries/Allegro/allegro-5.0.10/build/CMakeFiles/CMakeTmp/CMakeFiles" 1
Building C object CMakeFiles/cmTryCompileExec682160167.dir/CMAKE_SIZEOF_UNSIGNED_SHORT.c.o
/usr/bin/cc   -msse -W -Wall      -o CMakeFiles/cmTryCompileExec682160167.dir/CMAKE_SIZEOF_UNSIGNED_SHORT.c.o   -c "/home/noober/My Programming/Libraries/Allegro/allegro-5.0.10/build/CMakeFiles/CheckTypeSize/CMAKE_SIZEOF_UNSIGNED_SHORT.c"
Linking C executable cmTryCompileExec682160167
/usr/bin/cmake -E cmake_link_script CMakeFiles/cmTryCompileExec682160167.dir/link.txt --verbose=1
/usr/bin/cc    -msse -W -Wall       CMakeFiles/cmTryCompileExec682160167.dir/CMAKE_SIZEOF_UNSIGNED_SHORT.c.o  -o cmTryCompileExec682160167 -rdynamic 
make[1]: Leaving directory `/home/noober/My Programming/Libraries/Allegro/allegro-5.0.10/build/CMakeFiles/CMakeTmp'


Determining if files dirent.h exist passed with the following output:
Change Dir: /home/noober/My Programming/Libraries/Allegro/allegro-5.0.10/build/CMakeFiles/CMakeTmp

Run Build Command:/usr/bin/make "cmTryCompileExec2901347997/fast"
/usr/bin/make -f CMakeFiles/cmTryCompileExec2901347997.dir/build.make CMakeFiles/cmTryCompileExec2901347997.dir/build
make[1]: Entering directory `/home/noober/My Programming/Libraries/Allegro/allegro-5.0.10/build/CMakeFiles/CMakeTmp'
/usr/bin/cmake -E cmake_progress_report "/home/noober/My Programming/Libraries/Allegro/allegro-5.0.10/build/CMakeFiles/CMakeTmp/CMakeFiles" 1
Building C object CMakeFiles/cmTryCompileExec2901347997.dir/CheckIncludeFiles.c.o
/usr/bin/cc   -msse -W -Wall      -o CMakeFiles/cmTryCompileExec2901347997.dir/CheckIncludeFiles.c.o   -c "/home/noober/My Programming/Libraries/Allegro/allegro-5.0.10/build/CMakeFiles/CMakeTmp/CheckIncludeFiles.c"
Linking C executable cmTryCompileExec2901347997
/usr/bin/cmake -E cmake_link_script CMakeFiles/cmTryCompileExec2901347997.dir/link.txt --verbose=1
/usr/bin/cc    -msse -W -Wall       CMakeFiles/cmTryCompileExec2901347997.dir/CheckIncludeFiles.c.o  -o cmTryCompileExec2901347997 -rdynamic 
make[1]: Leaving directory `/home/noober/My Programming/Libraries/Allegro/allegro-5.0.10/build/CMakeFiles/CMakeTmp'


Determining if files inttypes.h exist passed with the following output:
Change Dir: /home/noober/My Programming/Libraries/Allegro/allegro-5.0.10/build/CMakeFiles/CMakeTmp

Run Build Command:/usr/bin/make "cmTryCompileExec3615515616/fast"
/usr/bin/make -f CMakeFiles/cmTryCompileExec3615515616.dir/build.make CMakeFiles/cmTryCompileExec3615515616.dir/build
make[1]: Entering directory `/home/noober/My Programming/Libraries/Allegro/allegro-5.0.10/build/CMakeFiles/CMakeTmp'
/usr/bin/cmake -E cmake_progress_report "/home/noober/My Programming/Libraries/Allegro/allegro-5.0.10/build/CMakeFiles/CMakeTmp/CMakeFiles" 1
Building C object CMakeFiles/cmTryCompileExec3615515616.dir/CheckIncludeFiles.c.o
/usr/bin/cc   -msse -W -Wall      -o CMakeFiles/cmTryCompileExec3615515616.dir/CheckIncludeFiles.c.o   -c "/home/noober/My Programming/Libraries/Allegro/allegro-5.0.10/build/CMakeFiles/CMakeTmp/CheckIncludeFiles.c"
Linking C executable cmTryCompileExec3615515616
/usr/bin/cmake -E cmake_link_script CMakeFiles/cmTryCompileExec3615515616.dir/link.txt --verbose=1
/usr/bin/cc    -msse -W -Wall       CMakeFiles/cmTryCompileExec3615515616.dir/CheckIncludeFiles.c.o  -o cmTryCompileExec3615515616 -rdynamic 
make[1]: Leaving directory `/home/noober/My Programming/Libraries/Allegro/allegro-5.0.10/build/CMakeFiles/CMakeTmp'


Determining if files sys/types.h;linux/joystick.h exist passed with the following output:
Change Dir: /home/noober/My Programming/Libraries/Allegro/allegro-5.0.10/build/CMakeFiles/CMakeTmp

Run Build Command:/usr/bin/make "cmTryCompileExec918950610/fast"
/usr/bin/make -f CMakeFiles/cmTryCompileExec918950610.dir/build.make CMakeFiles/cmTryCompileExec918950610.dir/build
make[1]: Entering directory `/home/noober/My Programming/Libraries/Allegro/allegro-5.0.10/build/CMakeFiles/CMakeTmp'
/usr/bin/cmake -E cmake_progress_report "/home/noober/My Programming/Libraries/Allegro/allegro-5.0.10/build/CMakeFiles/CMakeTmp/CMakeFiles" 1
Building C object CMakeFiles/cmTryCompileExec918950610.dir/CheckIncludeFiles.c.o
/usr/bin/cc   -msse -W -Wall      -o CMakeFiles/cmTryCompileExec918950610.dir/CheckIncludeFiles.c.o   -c "/home/noober/My Programming/Libraries/Allegro/allegro-5.0.10/build/CMakeFiles/CMakeTmp/CheckIncludeFiles.c"
Linking C executable cmTryCompileExec918950610
/usr/bin/cmake -E cmake_link_script CMakeFiles/cmTryCompileExec918950610.dir/link.txt --verbose=1
/usr/bin/cc    -msse -W -Wall       CMakeFiles/cmTryCompileExec918950610.dir/CheckIncludeFiles.c.o  -o cmTryCompileExec918950610 -rdynamic 
make[1]: Leaving directory `/home/noober/My Programming/Libraries/Allegro/allegro-5.0.10/build/CMakeFiles/CMakeTmp'


Determining if files stdbool.h exist passed with the following output:
Change Dir: /home/noober/My Programming/Libraries/Allegro/allegro-5.0.10/build/CMakeFiles/CMakeTmp

Run Build Command:/usr/bin/make "cmTryCompileExec1468626977/fast"
/usr/bin/make -f CMakeFiles/cmTryCompileExec1468626977.dir/build.make CMakeFiles/cmTryCompileExec1468626977.dir/build
make[1]: Entering directory `/home/noober/My Programming/Libraries/Allegro/allegro-5.0.10/build/CMakeFiles/CMakeTmp'
/usr/bin/cmake -E cmake_progress_report "/home/noober/My Programming/Libraries/Allegro/allegro-5.0.10/build/CMakeFiles/CMakeTmp/CMakeFiles" 1
Building C object CMakeFiles/cmTryCompileExec1468626977.dir/CheckIncludeFiles.c.o
/usr/bin/cc   -msse -W -Wall      -o CMakeFiles/cmTryCompileExec1468626977.dir/CheckIncludeFiles.c.o   -c "/home/noober/My Programming/Libraries/Allegro/allegro-5.0.10/build/CMakeFiles/CMakeTmp/CheckIncludeFiles.c"
Linking C executable cmTryCompileExec1468626977
/usr/bin/cmake -E cmake_link_script CMakeFiles/cmTryCompileExec1468626977.dir/link.txt --verbose=1
/usr/bin/cc    -msse -W -Wall       CMakeFiles/cmTryCompileExec1468626977.dir/CheckIncludeFiles.c.o  -o cmTryCompileExec1468626977 -rdynamic 
make[1]: Leaving directory `/home/noober/My Programming/Libraries/Allegro/allegro-5.0.10/build/CMakeFiles/CMakeTmp'


Determining if files stdint.h exist passed with the following output:
Change Dir: /home/noober/My Programming/Libraries/Allegro/allegro-5.0.10/build/CMakeFiles/CMakeTmp

Run Build Command:/usr/bin/make "cmTryCompileExec1227328011/fast"
/usr/bin/make -f CMakeFiles/cmTryCompileExec1227328011.dir/build.make CMakeFiles/cmTryCompileExec1227328011.dir/build
make[1]: Entering directory `/home/noober/My Programming/Libraries/Allegro/allegro-5.0.10/build/CMakeFiles/CMakeTmp'
/usr/bin/cmake -E cmake_progress_report "/home/noober/My Programming/Libraries/Allegro/allegro-5.0.10/build/CMakeFiles/CMakeTmp/CMakeFiles" 1
Building C object CMakeFiles/cmTryCompileExec1227328011.dir/CheckIncludeFiles.c.o
/usr/bin/cc   -msse -W -Wall      -o CMakeFiles/cmTryCompileExec1227328011.dir/CheckIncludeFiles.c.o   -c "/home/noober/My Programming/Libraries/Allegro/allegro-5.0.10/build/CMakeFiles/CMakeTmp/CheckIncludeFiles.c"
Linking C executable cmTryCompileExec1227328011
/usr/bin/cmake -E cmake_link_script CMakeFiles/cmTryCompileExec1227328011.dir/link.txt --verbose=1
/usr/bin/cc    -msse -W -Wall       CMakeFiles/cmTryCompileExec1227328011.dir/CheckIncludeFiles.c.o  -o cmTryCompileExec1227328011 -rdynamic 
make[1]: Leaving directory `/home/noober/My Programming/Libraries/Allegro/allegro-5.0.10/build/CMakeFiles/CMakeTmp'


Determining if files sys/io.h exist passed with the following output:
Change Dir: /home/noober/My Programming/Libraries/Allegro/allegro-5.0.10/build/CMakeFiles/CMakeTmp

Run Build Command:/usr/bin/make "cmTryCompileExec2407189279/fast"
/usr/bin/make -f CMakeFiles/cmTryCompileExec2407189279.dir/build.make CMakeFiles/cmTryCompileExec2407189279.dir/build
make[1]: Entering directory `/home/noober/My Programming/Libraries/Allegro/allegro-5.0.10/build/CMakeFiles/CMakeTmp'
/usr/bin/cmake -E cmake_progress_report "/home/noober/My Programming/Libraries/Allegro/allegro-5.0.10/build/CMakeFiles/CMakeTmp/CMakeFiles" 1
Building C object CMakeFiles/cmTryCompileExec2407189279.dir/CheckIncludeFiles.c.o
/usr/bin/cc   -msse -W -Wall      -o CMakeFiles/cmTryCompileExec2407189279.dir/CheckIncludeFiles.c.o   -c "/home/noober/My Programming/Libraries/Allegro/allegro-5.0.10/build/CMakeFiles/CMakeTmp/CheckIncludeFiles.c"
Linking C executable cmTryCompileExec2407189279
/usr/bin/cmake -E cmake_link_script CMakeFiles/cmTryCompileExec2407189279.dir/link.txt --verbose=1
/usr/bin/cc    -msse -W -Wall       CMakeFiles/cmTryCompileExec2407189279.dir/CheckIncludeFiles.c.o  -o cmTryCompileExec2407189279 -rdynamic 
make[1]: Leaving directory `/home/noober/My Programming/Libraries/Allegro/allegro-5.0.10/build/CMakeFiles/CMakeTmp'


Determining if files sys/stat.h exist passed with the following output:
Change Dir: /home/noober/My Programming/Libraries/Allegro/allegro-5.0.10/build/CMakeFiles/CMakeTmp

Run Build Command:/usr/bin/make "cmTryCompileExec682741647/fast"
/usr/bin/make -f CMakeFiles/cmTryCompileExec682741647.dir/build.make CMakeFiles/cmTryCompileExec682741647.dir/build
make[1]: Entering directory `/home/noober/My Programming/Libraries/Allegro/allegro-5.0.10/build/CMakeFiles/CMakeTmp'
/usr/bin/cmake -E cmake_progress_report "/home/noober/My Programming/Libraries/Allegro/allegro-5.0.10/build/CMakeFiles/CMakeTmp/CMakeFiles" 1
Building C object CMakeFiles/cmTryCompileExec682741647.dir/CheckIncludeFiles.c.o
/usr/bin/cc   -msse -W -Wall      -o CMakeFiles/cmTryCompileExec682741647.dir/CheckIncludeFiles.c.o   -c "/home/noober/My Programming/Libraries/Allegro/allegro-5.0.10/build/CMakeFiles/CMakeTmp/CheckIncludeFiles.c"
Linking C executable cmTryCompileExec682741647
/usr/bin/cmake -E cmake_link_script CMakeFiles/cmTryCompileExec682741647.dir/link.txt --verbose=1
/usr/bin/cc    -msse -W -Wall       CMakeFiles/cmTryCompileExec682741647.dir/CheckIncludeFiles.c.o  -o cmTryCompileExec682741647 -rdynamic 
make[1]: Leaving directory `/home/noober/My Programming/Libraries/Allegro/allegro-5.0.10/build/CMakeFiles/CMakeTmp'


Determining if files sys/time.h exist passed with the following output:
Change Dir: /home/noober/My Programming/Libraries/Allegro/allegro-5.0.10/build/CMakeFiles/CMakeTmp

Run Build Command:/usr/bin/make "cmTryCompileExec4022120265/fast"
/usr/bin/make -f CMakeFiles/cmTryCompileExec4022120265.dir/build.make CMakeFiles/cmTryCompileExec4022120265.dir/build
make[1]: Entering directory `/home/noober/My Programming/Libraries/Allegro/allegro-5.0.10/build/CMakeFiles/CMakeTmp'
/usr/bin/cmake -E cmake_progress_report "/home/noober/My Programming/Libraries/Allegro/allegro-5.0.10/build/CMakeFiles/CMakeTmp/CMakeFiles" 1
Building C object CMakeFiles/cmTryCompileExec4022120265.dir/CheckIncludeFiles.c.o
/usr/bin/cc   -msse -W -Wall      -o CMakeFiles/cmTryCompileExec4022120265.dir/CheckIncludeFiles.c.o   -c "/home/noober/My Programming/Libraries/Allegro/allegro-5.0.10/build/CMakeFiles/CMakeTmp/CheckIncludeFiles.c"
Linking C executable cmTryCompileExec4022120265
/usr/bin/cmake -E cmake_link_script CMakeFiles/cmTryCompileExec4022120265.dir/link.txt --verbose=1
/usr/bin/cc    -msse -W -Wall       CMakeFiles/cmTryCompileExec4022120265.dir/CheckIncludeFiles.c.o  -o cmTryCompileExec4022120265 -rdynamic 
make[1]: Leaving directory `/home/noober/My Programming/Libraries/Allegro/allegro-5.0.10/build/CMakeFiles/CMakeTmp'


Determining if files time.h exist passed with the following output:
Change Dir: /home/noober/My Programming/Libraries/Allegro/allegro-5.0.10/build/CMakeFiles/CMakeTmp

Run Build Command:/usr/bin/make "cmTryCompileExec1640436482/fast"
/usr/bin/make -f CMakeFiles/cmTryCompileExec1640436482.dir/build.make CMakeFiles/cmTryCompileExec1640436482.dir/build
make[1]: Entering directory `/home/noober/My Programming/Libraries/Allegro/allegro-5.0.10/build/CMakeFiles/CMakeTmp'
/usr/bin/cmake -E cmake_progress_report "/home/noober/My Programming/Libraries/Allegro/allegro-5.0.10/build/CMakeFiles/CMakeTmp/CMakeFiles" 1
Building C object CMakeFiles/cmTryCompileExec1640436482.dir/CheckIncludeFiles.c.o
/usr/bin/cc   -msse -W -Wall      -o CMakeFiles/cmTryCompileExec1640436482.dir/CheckIncludeFiles.c.o   -c "/home/noober/My Programming/Libraries/Allegro/allegro-5.0.10/build/CMakeFiles/CMakeTmp/CheckIncludeFiles.c"
Linking C executable cmTryCompileExec1640436482
/usr/bin/cmake -E cmake_link_script CMakeFiles/cmTryCompileExec1640436482.dir/link.txt --verbose=1
/usr/bin/cc    -msse -W -Wall       CMakeFiles/cmTryCompileExec1640436482.dir/CheckIncludeFiles.c.o  -o cmTryCompileExec1640436482 -rdynamic 
make[1]: Leaving directory `/home/noober/My Programming/Libraries/Allegro/allegro-5.0.10/build/CMakeFiles/CMakeTmp'


Determining if files sys/utsname.h exist passed with the following output:
Change Dir: /home/noober/My Programming/Libraries/Allegro/allegro-5.0.10/build/CMakeFiles/CMakeTmp

Run Build Command:/usr/bin/make "cmTryCompileExec2714010814/fast"
/usr/bin/make -f CMakeFiles/cmTryCompileExec2714010814.dir/build.make CMakeFiles/cmTryCompileExec2714010814.dir/build
make[1]: Entering directory `/home/noober/My Programming/Libraries/Allegro/allegro-5.0.10/build/CMakeFiles/CMakeTmp'
/usr/bin/cmake -E cmake_progress_report "/home/noober/My Programming/Libraries/Allegro/allegro-5.0.10/build/CMakeFiles/CMakeTmp/CMakeFiles" 1
Building C object CMakeFiles/cmTryCompileExec2714010814.dir/CheckIncludeFiles.c.o
/usr/bin/cc   -msse -W -Wall      -o CMakeFiles/cmTryCompileExec2714010814.dir/CheckIncludeFiles.c.o   -c "/home/noober/My Programming/Libraries/Allegro/allegro-5.0.10/build/CMakeFiles/CMakeTmp/CheckIncludeFiles.c"
Linking C executable cmTryCompileExec2714010814
/usr/bin/cmake -E cmake_link_script CMakeFiles/cmTryCompileExec2714010814.dir/link.txt --verbose=1
/usr/bin/cc    -msse -W -Wall       CMakeFiles/cmTryCompileExec2714010814.dir/CheckIncludeFiles.c.o  -o cmTryCompileExec2714010814 -rdynamic 
make[1]: Leaving directory `/home/noober/My Programming/Libraries/Allegro/allegro-5.0.10/build/CMakeFiles/CMakeTmp'


Determining if files sys/types.h exist passed with the following output:
Change Dir: /home/noober/My Programming/Libraries/Allegro/allegro-5.0.10/build/CMakeFiles/CMakeTmp

Run Build Command:/usr/bin/make "cmTryCompileExec1638588528/fast"
/usr/bin/make -f CMakeFiles/cmTryCompileExec1638588528.dir/build.make CMakeFiles/cmTryCompileExec1638588528.dir/build
make[1]: Entering directory `/home/noober/My Programming/Libraries/Allegro/allegro-5.0.10/build/CMakeFiles/CMakeTmp'
/usr/bin/cmake -E cmake_progress_report "/home/noober/My Programming/Libraries/Allegro/allegro-5.0.10/build/CMakeFiles/CMakeTmp/CMakeFiles" 1
Building C object CMakeFiles/cmTryCompileExec1638588528.dir/CheckIncludeFiles.c.o
/usr/bin/cc   -msse -W -Wall      -o CMakeFiles/cmTryCompileExec1638588528.dir/CheckIncludeFiles.c.o   -c "/home/noober/My Programming/Libraries/Allegro/allegro-5.0.10/build/CMakeFiles/CMakeTmp/CheckIncludeFiles.c"
Linking C executable cmTryCompileExec1638588528
/usr/bin/cmake -E cmake_link_script CMakeFiles/cmTryCompileExec1638588528.dir/link.txt --verbose=1
/usr/bin/cc    -msse -W -Wall       CMakeFiles/cmTryCompileExec1638588528.dir/CheckIncludeFiles.c.o  -o cmTryCompileExec1638588528 -rdynamic 
make[1]: Leaving directory `/home/noober/My Programming/Libraries/Allegro/allegro-5.0.10/build/CMakeFiles/CMakeTmp'


Determining if files sys/soundcard.h exist passed with the following output:
Change Dir: /home/noober/My Programming/Libraries/Allegro/allegro-5.0.10/build/CMakeFiles/CMakeTmp

Run Build Command:/usr/bin/make "cmTryCompileExec1411782096/fast"
/usr/bin/make -f CMakeFiles/cmTryCompileExec1411782096.dir/build.make CMakeFiles/cmTryCompileExec1411782096.dir/build
make[1]: Entering directory `/home/noober/My Programming/Libraries/Allegro/allegro-5.0.10/build/CMakeFiles/CMakeTmp'
/usr/bin/cmake -E cmake_progress_report "/home/noober/My Programming/Libraries/Allegro/allegro-5.0.10/build/CMakeFiles/CMakeTmp/CMakeFiles" 1
Building C object CMakeFiles/cmTryCompileExec1411782096.dir/CheckIncludeFiles.c.o
/usr/bin/cc   -msse -W -Wall      -o CMakeFiles/cmTryCompileExec1411782096.dir/CheckIncludeFiles.c.o   -c "/home/noober/My Programming/Libraries/Allegro/allegro-5.0.10/build/CMakeFiles/CMakeTmp/CheckIncludeFiles.c"
Linking C executable cmTryCompileExec1411782096
/usr/bin/cmake -E cmake_link_script CMakeFiles/cmTryCompileExec1411782096.dir/link.txt --verbose=1
/usr/bin/cc    -msse -W -Wall       CMakeFiles/cmTryCompileExec1411782096.dir/CheckIncludeFiles.c.o  -o cmTryCompileExec1411782096 -rdynamic 
make[1]: Leaving directory `/home/noober/My Programming/Libraries/Allegro/allegro-5.0.10/build/CMakeFiles/CMakeTmp'


Determining if files linux/soundcard.h exist passed with the following output:
Change Dir: /home/noober/My Programming/Libraries/Allegro/allegro-5.0.10/build/CMakeFiles/CMakeTmp

Run Build Command:/usr/bin/make "cmTryCompileExec494539714/fast"
/usr/bin/make -f CMakeFiles/cmTryCompileExec494539714.dir/build.make CMakeFiles/cmTryCompileExec494539714.dir/build
make[1]: Entering directory `/home/noober/My Programming/Libraries/Allegro/allegro-5.0.10/build/CMakeFiles/CMakeTmp'
/usr/bin/cmake -E cmake_progress_report "/home/noober/My Programming/Libraries/Allegro/allegro-5.0.10/build/CMakeFiles/CMakeTmp/CMakeFiles" 1
Building C object CMakeFiles/cmTryCompileExec494539714.dir/CheckIncludeFiles.c.o
/usr/bin/cc   -msse -W -Wall      -o CMakeFiles/cmTryCompileExec494539714.dir/CheckIncludeFiles.c.o   -c "/home/noober/My Programming/Libraries/Allegro/allegro-5.0.10/build/CMakeFiles/CMakeTmp/CheckIncludeFiles.c"
Linking C executable cmTryCompileExec494539714
/usr/bin/cmake -E cmake_link_script CMakeFiles/cmTryCompileExec494539714.dir/link.txt --verbose=1
/usr/bin/cc    -msse -W -Wall       CMakeFiles/cmTryCompileExec494539714.dir/CheckIncludeFiles.c.o  -o cmTryCompileExec494539714 -rdynamic 
make[1]: Leaving directory `/home/noober/My Programming/Libraries/Allegro/allegro-5.0.10/build/CMakeFiles/CMakeTmp'


Determining if files sys/inotify.h exist passed with the following output:
Change Dir: /home/noober/My Programming/Libraries/Allegro/allegro-5.0.10/build/CMakeFiles/CMakeTmp

Run Build Command:/usr/bin/make "cmTryCompileExec3094281617/fast"
/usr/bin/make -f CMakeFiles/cmTryCompileExec3094281617.dir/build.make CMakeFiles/cmTryCompileExec3094281617.dir/build
make[1]: Entering directory `/home/noober/My Programming/Libraries/Allegro/allegro-5.0.10/build/CMakeFiles/CMakeTmp'
/usr/bin/cmake -E cmake_progress_report "/home/noober/My Programming/Libraries/Allegro/allegro-5.0.10/build/CMakeFiles/CMakeTmp/CMakeFiles" 1
Building C object CMakeFiles/cmTryCompileExec3094281617.dir/CheckIncludeFiles.c.o
/usr/bin/cc   -msse -W -Wall      -o CMakeFiles/cmTryCompileExec3094281617.dir/CheckIncludeFiles.c.o   -c "/home/noober/My Programming/Libraries/Allegro/allegro-5.0.10/build/CMakeFiles/CMakeTmp/CheckIncludeFiles.c"
Linking C executable cmTryCompileExec3094281617
/usr/bin/cmake -E cmake_link_script CMakeFiles/cmTryCompileExec3094281617.dir/link.txt --verbose=1
/usr/bin/cc    -msse -W -Wall       CMakeFiles/cmTryCompileExec3094281617.dir/CheckIncludeFiles.c.o  -o cmTryCompileExec3094281617 -rdynamic 
make[1]: Leaving directory `/home/noober/My Programming/Libraries/Allegro/allegro-5.0.10/build/CMakeFiles/CMakeTmp'


Determining if files sys/timerfd.h exist passed with the following output:
Change Dir: /home/noober/My Programming/Libraries/Allegro/allegro-5.0.10/build/CMakeFiles/CMakeTmp

Run Build Command:/usr/bin/make "cmTryCompileExec1877462821/fast"
/usr/bin/make -f CMakeFiles/cmTryCompileExec1877462821.dir/build.make CMakeFiles/cmTryCompileExec1877462821.dir/build
make[1]: Entering directory `/home/noober/My Programming/Libraries/Allegro/allegro-5.0.10/build/CMakeFiles/CMakeTmp'
/usr/bin/cmake -E cmake_progress_report "/home/noober/My Programming/Libraries/Allegro/allegro-5.0.10/build/CMakeFiles/CMakeTmp/CMakeFiles" 1
Building C object CMakeFiles/cmTryCompileExec1877462821.dir/CheckIncludeFiles.c.o
/usr/bin/cc   -msse -W -Wall      -o CMakeFiles/cmTryCompileExec1877462821.dir/CheckIncludeFiles.c.o   -c "/home/noober/My Programming/Libraries/Allegro/allegro-5.0.10/build/CMakeFiles/CMakeTmp/CheckIncludeFiles.c"
Linking C executable cmTryCompileExec1877462821
/usr/bin/cmake -E cmake_link_script CMakeFiles/cmTryCompileExec1877462821.dir/link.txt --verbose=1
/usr/bin/cc    -msse -W -Wall       CMakeFiles/cmTryCompileExec1877462821.dir/CheckIncludeFiles.c.o  -o cmTryCompileExec1877462821 -rdynamic 
make[1]: Leaving directory `/home/noober/My Programming/Libraries/Allegro/allegro-5.0.10/build/CMakeFiles/CMakeTmp'


Determining if the function mkstemp exists passed with the following output:
Change Dir: /home/noober/My Programming/Libraries/Allegro/allegro-5.0.10/build/CMakeFiles/CMakeTmp

Run Build Command:/usr/bin/make "cmTryCompileExec604390836/fast"
/usr/bin/make -f CMakeFiles/cmTryCompileExec604390836.dir/build.make CMakeFiles/cmTryCompileExec604390836.dir/build
make[1]: Entering directory `/home/noober/My Programming/Libraries/Allegro/allegro-5.0.10/build/CMakeFiles/CMakeTmp'
/usr/bin/cmake -E cmake_progress_report "/home/noober/My Programming/Libraries/Allegro/allegro-5.0.10/build/CMakeFiles/CMakeTmp/CMakeFiles" 1
Building C object CMakeFiles/cmTryCompileExec604390836.dir/CheckFunctionExists.c.o
/usr/bin/cc   -msse -W -Wall   -DCHECK_FUNCTION_EXISTS=mkstemp   -o CMakeFiles/cmTryCompileExec604390836.dir/CheckFunctionExists.c.o   -c /usr/share/cmake-2.8/Modules/CheckFunctionExists.c
Linking C executable cmTryCompileExec604390836
/usr/bin/cmake -E cmake_link_script CMakeFiles/cmTryCompileExec604390836.dir/link.txt --verbose=1
/usr/bin/cc    -msse -W -Wall   -DCHECK_FUNCTION_EXISTS=mkstemp    CMakeFiles/cmTryCompileExec604390836.dir/CheckFunctionExists.c.o  -o cmTryCompileExec604390836 -rdynamic 
make[1]: Leaving directory `/home/noober/My Programming/Libraries/Allegro/allegro-5.0.10/build/CMakeFiles/CMakeTmp'


Determining if the function mmap exists passed with the following output:
Change Dir: /home/noober/My Programming/Libraries/Allegro/allegro-5.0.10/build/CMakeFiles/CMakeTmp

Run Build Command:/usr/bin/make "cmTryCompileExec1272935071/fast"
/usr/bin/make -f CMakeFiles/cmTryCompileExec1272935071.dir/build.make CMakeFiles/cmTryCompileExec1272935071.dir/build
make[1]: Entering directory `/home/noober/My Programming/Libraries/Allegro/allegro-5.0.10/build/CMakeFiles/CMakeTmp'
/usr/bin/cmake -E cmake_progress_report "/home/noober/My Programming/Libraries/Allegro/allegro-5.0.10/build/CMakeFiles/CMakeTmp/CMakeFiles" 1
Building C object CMakeFiles/cmTryCompileExec1272935071.dir/CheckFunctionExists.c.o
/usr/bin/cc   -msse -W -Wall   -DCHECK_FUNCTION_EXISTS=mmap   -o CMakeFiles/cmTryCompileExec1272935071.dir/CheckFunctionExists.c.o   -c /usr/share/cmake-2.8/Modules/CheckFunctionExists.c
Linking C executable cmTryCompileExec1272935071
/usr/bin/cmake -E cmake_link_script CMakeFiles/cmTryCompileExec1272935071.dir/link.txt --verbose=1
/usr/bin/cc    -msse -W -Wall   -DCHECK_FUNCTION_EXISTS=mmap    CMakeFiles/cmTryCompileExec1272935071.dir/CheckFunctionExists.c.o  -o cmTryCompileExec1272935071 -rdynamic 
make[1]: Leaving directory `/home/noober/My Programming/Libraries/Allegro/allegro-5.0.10/build/CMakeFiles/CMakeTmp'


Determining if the function mprotect exists passed with the following output:
Change Dir: /home/noober/My Programming/Libraries/Allegro/allegro-5.0.10/build/CMakeFiles/CMakeTmp

Run Build Command:/usr/bin/make "cmTryCompileExec1700482697/fast"
/usr/bin/make -f CMakeFiles/cmTryCompileExec1700482697.dir/build.make CMakeFiles/cmTryCompileExec1700482697.dir/build
make[1]: Entering directory `/home/noober/My Programming/Libraries/Allegro/allegro-5.0.10/build/CMakeFiles/CMakeTmp'
/usr/bin/cmake -E cmake_progress_report "/home/noober/My Programming/Libraries/Allegro/allegro-5.0.10/build/CMakeFiles/CMakeTmp/CMakeFiles" 1
Building C object CMakeFiles/cmTryCompileExec1700482697.dir/CheckFunctionExists.c.o
/usr/bin/cc   -msse -W -Wall   -DCHECK_FUNCTION_EXISTS=mprotect   -o CMakeFiles/cmTryCompileExec1700482697.dir/CheckFunctionExists.c.o   -c /usr/share/cmake-2.8/Modules/CheckFunctionExists.c
Linking C executable cmTryCompileExec1700482697
/usr/bin/cmake -E cmake_link_script CMakeFiles/cmTryCompileExec1700482697.dir/link.txt --verbose=1
/usr/bin/cc    -msse -W -Wall   -DCHECK_FUNCTION_EXISTS=mprotect    CMakeFiles/cmTryCompileExec1700482697.dir/CheckFunctionExists.c.o  -o cmTryCompileExec1700482697 -rdynamic 
make[1]: Leaving directory `/home/noober/My Programming/Libraries/Allegro/allegro-5.0.10/build/CMakeFiles/CMakeTmp'


Determining if the function sched_yield exists passed with the following output:
Change Dir: /home/noober/My Programming/Libraries/Allegro/allegro-5.0.10/build/CMakeFiles/CMakeTmp

Run Build Command:/usr/bin/make "cmTryCompileExec3523283451/fast"
/usr/bin/make -f CMakeFiles/cmTryCompileExec3523283451.dir/build.make CMakeFiles/cmTryCompileExec3523283451.dir/build
make[1]: Entering directory `/home/noober/My Programming/Libraries/Allegro/allegro-5.0.10/build/CMakeFiles/CMakeTmp'
/usr/bin/cmake -E cmake_progress_report "/home/noober/My Programming/Libraries/Allegro/allegro-5.0.10/build/CMakeFiles/CMakeTmp/CMakeFiles" 1
Building C object CMakeFiles/cmTryCompileExec3523283451.dir/CheckFunctionExists.c.o
/usr/bin/cc   -msse -W -Wall   -DCHECK_FUNCTION_EXISTS=sched_yield   -o CMakeFiles/cmTryCompileExec3523283451.dir/CheckFunctionExists.c.o   -c /usr/share/cmake-2.8/Modules/CheckFunctionExists.c
Linking C executable cmTryCompileExec3523283451
/usr/bin/cmake -E cmake_link_script CMakeFiles/cmTryCompileExec3523283451.dir/link.txt --verbose=1
/usr/bin/cc    -msse -W -Wall   -DCHECK_FUNCTION_EXISTS=sched_yield    CMakeFiles/cmTryCompileExec3523283451.dir/CheckFunctionExists.c.o  -o cmTryCompileExec3523283451 -rdynamic 
make[1]: Leaving directory `/home/noober/My Programming/Libraries/Allegro/allegro-5.0.10/build/CMakeFiles/CMakeTmp'


Determining if the function sysconf exists passed with the following output:
Change Dir: /home/noober/My Programming/Libraries/Allegro/allegro-5.0.10/build/CMakeFiles/CMakeTmp

Run Build Command:/usr/bin/make "cmTryCompileExec3415185544/fast"
/usr/bin/make -f CMakeFiles/cmTryCompileExec3415185544.dir/build.make CMakeFiles/cmTryCompileExec3415185544.dir/build
make[1]: Entering directory `/home/noober/My Programming/Libraries/Allegro/allegro-5.0.10/build/CMakeFiles/CMakeTmp'
/usr/bin/cmake -E cmake_progress_report "/home/noober/My Programming/Libraries/Allegro/allegro-5.0.10/build/CMakeFiles/CMakeTmp/CMakeFiles" 1
Building C object CMakeFiles/cmTryCompileExec3415185544.dir/CheckFunctionExists.c.o
/usr/bin/cc   -msse -W -Wall   -DCHECK_FUNCTION_EXISTS=sysconf   -o CMakeFiles/cmTryCompileExec3415185544.dir/CheckFunctionExists.c.o   -c /usr/share/cmake-2.8/Modules/CheckFunctionExists.c
Linking C executable cmTryCompileExec3415185544
/usr/bin/cmake -E cmake_link_script CMakeFiles/cmTryCompileExec3415185544.dir/link.txt --verbose=1
/usr/bin/cc    -msse -W -Wall   -DCHECK_FUNCTION_EXISTS=sysconf    CMakeFiles/cmTryCompileExec3415185544.dir/CheckFunctionExists.c.o  -o cmTryCompileExec3415185544 -rdynamic 
make[1]: Leaving directory `/home/noober/My Programming/Libraries/Allegro/allegro-5.0.10/build/CMakeFiles/CMakeTmp'


Determining if the function fseeko exists passed with the following output:
Change Dir: /home/noober/My Programming/Libraries/Allegro/allegro-5.0.10/build/CMakeFiles/CMakeTmp

Run Build Command:/usr/bin/make "cmTryCompileExec847847649/fast"
/usr/bin/make -f CMakeFiles/cmTryCompileExec847847649.dir/build.make CMakeFiles/cmTryCompileExec847847649.dir/build
make[1]: Entering directory `/home/noober/My Programming/Libraries/Allegro/allegro-5.0.10/build/CMakeFiles/CMakeTmp'
/usr/bin/cmake -E cmake_progress_report "/home/noober/My Programming/Libraries/Allegro/allegro-5.0.10/build/CMakeFiles/CMakeTmp/CMakeFiles" 1
Building C object CMakeFiles/cmTryCompileExec847847649.dir/CheckFunctionExists.c.o
/usr/bin/cc   -msse -W -Wall   -DCHECK_FUNCTION_EXISTS=fseeko   -o CMakeFiles/cmTryCompileExec847847649.dir/CheckFunctionExists.c.o   -c /usr/share/cmake-2.8/Modules/CheckFunctionExists.c
Linking C executable cmTryCompileExec847847649
/usr/bin/cmake -E cmake_link_script CMakeFiles/cmTryCompileExec847847649.dir/link.txt --verbose=1
/usr/bin/cc    -msse -W -Wall   -DCHECK_FUNCTION_EXISTS=fseeko    CMakeFiles/cmTryCompileExec847847649.dir/CheckFunctionExists.c.o  -o cmTryCompileExec847847649 -rdynamic 
make[1]: Leaving directory `/home/noober/My Programming/Libraries/Allegro/allegro-5.0.10/build/CMakeFiles/CMakeTmp'


Determining if the function ftello exists passed with the following output:
Change Dir: /home/noober/My Programming/Libraries/Allegro/allegro-5.0.10/build/CMakeFiles/CMakeTmp

Run Build Command:/usr/bin/make "cmTryCompileExec4281018807/fast"
/usr/bin/make -f CMakeFiles/cmTryCompileExec4281018807.dir/build.make CMakeFiles/cmTryCompileExec4281018807.dir/build
make[1]: Entering directory `/home/noober/My Programming/Libraries/Allegro/allegro-5.0.10/build/CMakeFiles/CMakeTmp'
/usr/bin/cmake -E cmake_progress_report "/home/noober/My Programming/Libraries/Allegro/allegro-5.0.10/build/CMakeFiles/CMakeTmp/CMakeFiles" 1
Building C object CMakeFiles/cmTryCompileExec4281018807.dir/CheckFunctionExists.c.o
/usr/bin/cc   -msse -W -Wall   -DCHECK_FUNCTION_EXISTS=ftello   -o CMakeFiles/cmTryCompileExec4281018807.dir/CheckFunctionExists.c.o   -c /usr/share/cmake-2.8/Modules/CheckFunctionExists.c
Linking C executable cmTryCompileExec4281018807
/usr/bin/cmake -E cmake_link_script CMakeFiles/cmTryCompileExec4281018807.dir/link.txt --verbose=1
/usr/bin/cc    -msse -W -Wall   -DCHECK_FUNCTION_EXISTS=ftello    CMakeFiles/cmTryCompileExec4281018807.dir/CheckFunctionExists.c.o  -o cmTryCompileExec4281018807 -rdynamic 
make[1]: Leaving directory `/home/noober/My Programming/Libraries/Allegro/allegro-5.0.10/build/CMakeFiles/CMakeTmp'


Determining size of _Bool passed with the following output:
Change Dir: /home/noober/My Programming/Libraries/Allegro/allegro-5.0.10/build/CMakeFiles/CMakeTmp

Run Build Command:/usr/bin/make "cmTryCompileExec2374146319/fast"
/usr/bin/make -f CMakeFiles/cmTryCompileExec2374146319.dir/build.make CMakeFiles/cmTryCompileExec2374146319.dir/build
make[1]: Entering directory `/home/noober/My Programming/Libraries/Allegro/allegro-5.0.10/build/CMakeFiles/CMakeTmp'
/usr/bin/cmake -E cmake_progress_report "/home/noober/My Programming/Libraries/Allegro/allegro-5.0.10/build/CMakeFiles/CMakeTmp/CMakeFiles" 1
Building C object CMakeFiles/cmTryCompileExec2374146319.dir/ALLEGRO_HAVE__BOOL.c.o
/usr/bin/cc   -msse -W -Wall      -o CMakeFiles/cmTryCompileExec2374146319.dir/ALLEGRO_HAVE__BOOL.c.o   -c "/home/noober/My Programming/Libraries/Allegro/allegro-5.0.10/build/CMakeFiles/CheckTypeSize/ALLEGRO_HAVE__BOOL.c"
Linking C executable cmTryCompileExec2374146319
/usr/bin/cmake -E cmake_link_script CMakeFiles/cmTryCompileExec2374146319.dir/link.txt --verbose=1
/usr/bin/cc    -msse -W -Wall       CMakeFiles/cmTryCompileExec2374146319.dir/ALLEGRO_HAVE__BOOL.c.o  -o cmTryCompileExec2374146319 -rdynamic 
make[1]: Leaving directory `/home/noober/My Programming/Libraries/Allegro/allegro-5.0.10/build/CMakeFiles/CMakeTmp'


Performing C SOURCE FILE Test ALLEGRO_HAVE_VA_COPY succeded with the following output:
Change Dir: /home/noober/My Programming/Libraries/Allegro/allegro-5.0.10/build/CMakeFiles/CMakeTmp

Run Build Command:/usr/bin/make "cmTryCompileExec3050578055/fast"
/usr/bin/make -f CMakeFiles/cmTryCompileExec3050578055.dir/build.make CMakeFiles/cmTryCompileExec3050578055.dir/build
make[1]: Entering directory `/home/noober/My Programming/Libraries/Allegro/allegro-5.0.10/build/CMakeFiles/CMakeTmp'
/usr/bin/cmake -E cmake_progress_report "/home/noober/My Programming/Libraries/Allegro/allegro-5.0.10/build/CMakeFiles/CMakeTmp/CMakeFiles" 1
Building C object CMakeFiles/cmTryCompileExec3050578055.dir/src.c.o
/usr/bin/cc   -msse -W -Wall   -DALLEGRO_HAVE_VA_COPY   -o CMakeFiles/cmTryCompileExec3050578055.dir/src.c.o   -c "/home/noober/My Programming/Libraries/Allegro/allegro-5.0.10/build/CMakeFiles/CMakeTmp/src.c"
Linking C executable cmTryCompileExec3050578055
/usr/bin/cmake -E cmake_link_script CMakeFiles/cmTryCompileExec3050578055.dir/link.txt --verbose=1
/usr/bin/cc    -msse -W -Wall   -DALLEGRO_HAVE_VA_COPY    CMakeFiles/cmTryCompileExec3050578055.dir/src.c.o  -o cmTryCompileExec3050578055 -rdynamic 
make[1]: Leaving directory `/home/noober/My Programming/Libraries/Allegro/allegro-5.0.10/build/CMakeFiles/CMakeTmp'

Source file was:

    #include <stdarg.h>
    int main(void) {
        va_list a, b;
        va_copy(a, b);
        return 0;
    }
Determining if the function XOpenDisplay exists in the /usr/lib/x86_64-linux-gnu/libX11.so;/usr/lib/x86_64-linux-gnu/libXext.so passed with the following output:
Change Dir: /home/noober/My Programming/Libraries/Allegro/allegro-5.0.10/build/CMakeFiles/CMakeTmp

Run Build Command:/usr/bin/make "cmTryCompileExec4153919011/fast"
/usr/bin/make -f CMakeFiles/cmTryCompileExec4153919011.dir/build.make CMakeFiles/cmTryCompileExec4153919011.dir/build
make[1]: Entering directory `/home/noober/My Programming/Libraries/Allegro/allegro-5.0.10/build/CMakeFiles/CMakeTmp'
/usr/bin/cmake -E cmake_progress_report "/home/noober/My Programming/Libraries/Allegro/allegro-5.0.10/build/CMakeFiles/CMakeTmp/CMakeFiles" 1
Building C object CMakeFiles/cmTryCompileExec4153919011.dir/CheckFunctionExists.c.o
/usr/bin/cc   -msse -W -Wall   -DCHECK_FUNCTION_EXISTS=XOpenDisplay   -o CMakeFiles/cmTryCompileExec4153919011.dir/CheckFunctionExists.c.o   -c /usr/share/cmake-2.8/Modules/CheckFunctionExists.c
Linking C executable cmTryCompileExec4153919011
/usr/bin/cmake -E cmake_link_script CMakeFiles/cmTryCompileExec4153919011.dir/link.txt --verbose=1
/usr/bin/cc    -msse -W -Wall   -DCHECK_FUNCTION_EXISTS=XOpenDisplay    CMakeFiles/cmTryCompileExec4153919011.dir/CheckFunctionExists.c.o  -o cmTryCompileExec4153919011 -rdynamic -lX11 -lXext 
make[1]: Leaving directory `/home/noober/My Programming/Libraries/Allegro/allegro-5.0.10/build/CMakeFiles/CMakeTmp'


Determining if the function gethostbyname exists passed with the following output:
Change Dir: /home/noober/My Programming/Libraries/Allegro/allegro-5.0.10/build/CMakeFiles/CMakeTmp

Run Build Command:/usr/bin/make "cmTryCompileExec1113878703/fast"
/usr/bin/make -f CMakeFiles/cmTryCompileExec1113878703.dir/build.make CMakeFiles/cmTryCompileExec1113878703.dir/build
make[1]: Entering directory `/home/noober/My Programming/Libraries/Allegro/allegro-5.0.10/build/CMakeFiles/CMakeTmp'
/usr/bin/cmake -E cmake_progress_report "/home/noober/My Programming/Libraries/Allegro/allegro-5.0.10/build/CMakeFiles/CMakeTmp/CMakeFiles" 1
Building C object CMakeFiles/cmTryCompileExec1113878703.dir/CheckFunctionExists.c.o
/usr/bin/cc   -msse -W -Wall   -DCHECK_FUNCTION_EXISTS=gethostbyname   -o CMakeFiles/cmTryCompileExec1113878703.dir/CheckFunctionExists.c.o   -c /usr/share/cmake-2.8/Modules/CheckFunctionExists.c
Linking C executable cmTryCompileExec1113878703
/usr/bin/cmake -E cmake_link_script CMakeFiles/cmTryCompileExec1113878703.dir/link.txt --verbose=1
/usr/bin/cc    -msse -W -Wall   -DCHECK_FUNCTION_EXISTS=gethostbyname    CMakeFiles/cmTryCompileExec1113878703.dir/CheckFunctionExists.c.o  -o cmTryCompileExec1113878703 -rdynamic 
make[1]: Leaving directory `/home/noober/My Programming/Libraries/Allegro/allegro-5.0.10/build/CMakeFiles/CMakeTmp'


Determining if the function connect exists passed with the following output:
Change Dir: /home/noober/My Programming/Libraries/Allegro/allegro-5.0.10/build/CMakeFiles/CMakeTmp

Run Build Command:/usr/bin/make "cmTryCompileExec2531548670/fast"
/usr/bin/make -f CMakeFiles/cmTryCompileExec2531548670.dir/build.make CMakeFiles/cmTryCompileExec2531548670.dir/build
make[1]: Entering directory `/home/noober/My Programming/Libraries/Allegro/allegro-5.0.10/build/CMakeFiles/CMakeTmp'
/usr/bin/cmake -E cmake_progress_report "/home/noober/My Programming/Libraries/Allegro/allegro-5.0.10/build/CMakeFiles/CMakeTmp/CMakeFiles" 1
Building C object CMakeFiles/cmTryCompileExec2531548670.dir/CheckFunctionExists.c.o
/usr/bin/cc   -msse -W -Wall   -DCHECK_FUNCTION_EXISTS=connect   -o CMakeFiles/cmTryCompileExec2531548670.dir/CheckFunctionExists.c.o   -c /usr/share/cmake-2.8/Modules/CheckFunctionExists.c
Linking C executable cmTryCompileExec2531548670
/usr/bin/cmake -E cmake_link_script CMakeFiles/cmTryCompileExec2531548670.dir/link.txt --verbose=1
/usr/bin/cc    -msse -W -Wall   -DCHECK_FUNCTION_EXISTS=connect    CMakeFiles/cmTryCompileExec2531548670.dir/CheckFunctionExists.c.o  -o cmTryCompileExec2531548670 -rdynamic 
make[1]: Leaving directory `/home/noober/My Programming/Libraries/Allegro/allegro-5.0.10/build/CMakeFiles/CMakeTmp'


Determining if the function remove exists passed with the following output:
Change Dir: /home/noober/My Programming/Libraries/Allegro/allegro-5.0.10/build/CMakeFiles/CMakeTmp

Run Build Command:/usr/bin/make "cmTryCompileExec930309641/fast"
/usr/bin/make -f CMakeFiles/cmTryCompileExec930309641.dir/build.make CMakeFiles/cmTryCompileExec930309641.dir/build
make[1]: Entering directory `/home/noober/My Programming/Libraries/Allegro/allegro-5.0.10/build/CMakeFiles/CMakeTmp'
/usr/bin/cmake -E cmake_progress_report "/home/noober/My Programming/Libraries/Allegro/allegro-5.0.10/build/CMakeFiles/CMakeTmp/CMakeFiles" 1
Building C object CMakeFiles/cmTryCompileExec930309641.dir/CheckFunctionExists.c.o
/usr/bin/cc   -msse -W -Wall   -DCHECK_FUNCTION_EXISTS=remove   -o CMakeFiles/cmTryCompileExec930309641.dir/CheckFunctionExists.c.o   -c /usr/share/cmake-2.8/Modules/CheckFunctionExists.c
Linking C executable cmTryCompileExec930309641
/usr/bin/cmake -E cmake_link_script CMakeFiles/cmTryCompileExec930309641.dir/link.txt --verbose=1
/usr/bin/cc    -msse -W -Wall   -DCHECK_FUNCTION_EXISTS=remove    CMakeFiles/cmTryCompileExec930309641.dir/CheckFunctionExists.c.o  -o cmTryCompileExec930309641 -rdynamic 
make[1]: Leaving directory `/home/noober/My Programming/Libraries/Allegro/allegro-5.0.10/build/CMakeFiles/CMakeTmp'


Determining if the function shmat exists passed with the following output:
Change Dir: /home/noober/My Programming/Libraries/Allegro/allegro-5.0.10/build/CMakeFiles/CMakeTmp

Run Build Command:/usr/bin/make "cmTryCompileExec781851225/fast"
/usr/bin/make -f CMakeFiles/cmTryCompileExec781851225.dir/build.make CMakeFiles/cmTryCompileExec781851225.dir/build
make[1]: Entering directory `/home/noober/My Programming/Libraries/Allegro/allegro-5.0.10/build/CMakeFiles/CMakeTmp'
/usr/bin/cmake -E cmake_progress_report "/home/noober/My Programming/Libraries/Allegro/allegro-5.0.10/build/CMakeFiles/CMakeTmp/CMakeFiles" 1
Building C object CMakeFiles/cmTryCompileExec781851225.dir/CheckFunctionExists.c.o
/usr/bin/cc   -msse -W -Wall   -DCHECK_FUNCTION_EXISTS=shmat   -o CMakeFiles/cmTryCompileExec781851225.dir/CheckFunctionExists.c.o   -c /usr/share/cmake-2.8/Modules/CheckFunctionExists.c
Linking C executable cmTryCompileExec781851225
/usr/bin/cmake -E cmake_link_script CMakeFiles/cmTryCompileExec781851225.dir/link.txt --verbose=1
/usr/bin/cc    -msse -W -Wall   -DCHECK_FUNCTION_EXISTS=shmat    CMakeFiles/cmTryCompileExec781851225.dir/CheckFunctionExists.c.o  -o cmTryCompileExec781851225 -rdynamic 
make[1]: Leaving directory `/home/noober/My Programming/Libraries/Allegro/allegro-5.0.10/build/CMakeFiles/CMakeTmp'


Determining if the function IceConnectionNumber exists in the ICE passed with the following output:
Change Dir: /home/noober/My Programming/Libraries/Allegro/allegro-5.0.10/build/CMakeFiles/CMakeTmp

Run Build Command:/usr/bin/make "cmTryCompileExec1029538687/fast"
/usr/bin/make -f CMakeFiles/cmTryCompileExec1029538687.dir/build.make CMakeFiles/cmTryCompileExec1029538687.dir/build
make[1]: Entering directory `/home/noober/My Programming/Libraries/Allegro/allegro-5.0.10/build/CMakeFiles/CMakeTmp'
/usr/bin/cmake -E cmake_progress_report "/home/noober/My Programming/Libraries/Allegro/allegro-5.0.10/build/CMakeFiles/CMakeTmp/CMakeFiles" 1
Building C object CMakeFiles/cmTryCompileExec1029538687.dir/CheckFunctionExists.c.o
/usr/bin/cc   -msse -W -Wall   -DCHECK_FUNCTION_EXISTS=IceConnectionNumber   -o CMakeFiles/cmTryCompileExec1029538687.dir/CheckFunctionExists.c.o   -c /usr/share/cmake-2.8/Modules/CheckFunctionExists.c
Linking C executable cmTryCompileExec1029538687
/usr/bin/cmake -E cmake_link_script CMakeFiles/cmTryCompileExec1029538687.dir/link.txt --verbose=1
/usr/bin/cc    -msse -W -Wall   -DCHECK_FUNCTION_EXISTS=IceConnectionNumber    CMakeFiles/cmTryCompileExec1029538687.dir/CheckFunctionExists.c.o  -o cmTryCompileExec1029538687 -rdynamic -lICE 
make[1]: Leaving directory `/home/noober/My Programming/Libraries/Allegro/allegro-5.0.10/build/CMakeFiles/CMakeTmp'


Determining if files pthread.h exist passed with the following output:
Change Dir: /home/noober/My Programming/Libraries/Allegro/allegro-5.0.10/build/CMakeFiles/CMakeTmp

Run Build Command:/usr/bin/make "cmTryCompileExec1418229049/fast"
/usr/bin/make -f CMakeFiles/cmTryCompileExec1418229049.dir/build.make CMakeFiles/cmTryCompileExec1418229049.dir/build
make[1]: Entering directory `/home/noober/My Programming/Libraries/Allegro/allegro-5.0.10/build/CMakeFiles/CMakeTmp'
/usr/bin/cmake -E cmake_progress_report "/home/noober/My Programming/Libraries/Allegro/allegro-5.0.10/build/CMakeFiles/CMakeTmp/CMakeFiles" 1
Building C object CMakeFiles/cmTryCompileExec1418229049.dir/CheckIncludeFiles.c.o
/usr/bin/cc   -msse -W -Wall      -o CMakeFiles/cmTryCompileExec1418229049.dir/CheckIncludeFiles.c.o   -c "/home/noober/My Programming/Libraries/Allegro/allegro-5.0.10/build/CMakeFiles/CMakeTmp/CheckIncludeFiles.c"
Linking C executable cmTryCompileExec1418229049
/usr/bin/cmake -E cmake_link_script CMakeFiles/cmTryCompileExec1418229049.dir/link.txt --verbose=1
/usr/bin/cc    -msse -W -Wall       CMakeFiles/cmTryCompileExec1418229049.dir/CheckIncludeFiles.c.o  -o cmTryCompileExec1418229049 -rdynamic 
make[1]: Leaving directory `/home/noober/My Programming/Libraries/Allegro/allegro-5.0.10/build/CMakeFiles/CMakeTmp'


Determining if the function pthread_create exists in the pthread passed with the following output:
Change Dir: /home/noober/My Programming/Libraries/Allegro/allegro-5.0.10/build/CMakeFiles/CMakeTmp

Run Build Command:/usr/bin/make "cmTryCompileExec1230129310/fast"
/usr/bin/make -f CMakeFiles/cmTryCompileExec1230129310.dir/build.make CMakeFiles/cmTryCompileExec1230129310.dir/build
make[1]: Entering directory `/home/noober/My Programming/Libraries/Allegro/allegro-5.0.10/build/CMakeFiles/CMakeTmp'
/usr/bin/cmake -E cmake_progress_report "/home/noober/My Programming/Libraries/Allegro/allegro-5.0.10/build/CMakeFiles/CMakeTmp/CMakeFiles" 1
Building C object CMakeFiles/cmTryCompileExec1230129310.dir/CheckFunctionExists.c.o
/usr/bin/cc   -msse -W -Wall   -DCHECK_FUNCTION_EXISTS=pthread_create   -o CMakeFiles/cmTryCompileExec1230129310.dir/CheckFunctionExists.c.o   -c /usr/share/cmake-2.8/Modules/CheckFunctionExists.c
Linking C executable cmTryCompileExec1230129310
/usr/bin/cmake -E cmake_link_script CMakeFiles/cmTryCompileExec1230129310.dir/link.txt --verbose=1
/usr/bin/cc    -msse -W -Wall   -DCHECK_FUNCTION_EXISTS=pthread_create    CMakeFiles/cmTryCompileExec1230129310.dir/CheckFunctionExists.c.o  -o cmTryCompileExec1230129310 -rdynamic -lpthread 
make[1]: Leaving directory `/home/noober/My Programming/Libraries/Allegro/allegro-5.0.10/build/CMakeFiles/CMakeTmp'


Determining if the function XcursorImageCreate exists in the Xcursor passed with the following output:
Change Dir: /home/noober/My Programming/Libraries/Allegro/allegro-5.0.10/build/CMakeFiles/CMakeTmp

Run Build Command:/usr/bin/make "cmTryCompileExec1455510187/fast"
/usr/bin/make -f CMakeFiles/cmTryCompileExec1455510187.dir/build.make CMakeFiles/cmTryCompileExec1455510187.dir/build
make[1]: Entering directory `/home/noober/My Programming/Libraries/Allegro/allegro-5.0.10/build/CMakeFiles/CMakeTmp'
/usr/bin/cmake -E cmake_progress_report "/home/noober/My Programming/Libraries/Allegro/allegro-5.0.10/build/CMakeFiles/CMakeTmp/CMakeFiles" 1
Building C object CMakeFiles/cmTryCompileExec1455510187.dir/CheckFunctionExists.c.o
/usr/bin/cc   -msse -W -Wall   -DCHECK_FUNCTION_EXISTS=XcursorImageCreate   -o CMakeFiles/cmTryCompileExec1455510187.dir/CheckFunctionExists.c.o   -c /usr/share/cmake-2.8/Modules/CheckFunctionExists.c
Linking C executable cmTryCompileExec1455510187
/usr/bin/cmake -E cmake_link_script CMakeFiles/cmTryCompileExec1455510187.dir/link.txt --verbose=1
/usr/bin/cc    -msse -W -Wall   -DCHECK_FUNCTION_EXISTS=XcursorImageCreate    CMakeFiles/cmTryCompileExec1455510187.dir/CheckFunctionExists.c.o  -o cmTryCompileExec1455510187 -rdynamic -lXcursor -lSM -lICE -lX11 -lXext 
make[1]: Leaving directory `/home/noober/My Programming/Libraries/Allegro/allegro-5.0.10/build/CMakeFiles/CMakeTmp'


Determining if the function XF86VidModeQueryExtension exists in the Xxf86vm passed with the following output:
Change Dir: /home/noober/My Programming/Libraries/Allegro/allegro-5.0.10/build/CMakeFiles/CMakeTmp

Run Build Command:/usr/bin/make "cmTryCompileExec850686868/fast"
/usr/bin/make -f CMakeFiles/cmTryCompileExec850686868.dir/build.make CMakeFiles/cmTryCompileExec850686868.dir/build
make[1]: Entering directory `/home/noober/My Programming/Libraries/Allegro/allegro-5.0.10/build/CMakeFiles/CMakeTmp'
/usr/bin/cmake -E cmake_progress_report "/home/noober/My Programming/Libraries/Allegro/allegro-5.0.10/build/CMakeFiles/CMakeTmp/CMakeFiles" 1
Building C object CMakeFiles/cmTryCompileExec850686868.dir/CheckFunctionExists.c.o
/usr/bin/cc   -msse -W -Wall   -DCHECK_FUNCTION_EXISTS=XF86VidModeQueryExtension   -o CMakeFiles/cmTryCompileExec850686868.dir/CheckFunctionExists.c.o   -c /usr/share/cmake-2.8/Modules/CheckFunctionExists.c
Linking C executable cmTryCompileExec850686868
/usr/bin/cmake -E cmake_link_script CMakeFiles/cmTryCompileExec850686868.dir/link.txt --verbose=1
/usr/bin/cc    -msse -W -Wall   -DCHECK_FUNCTION_EXISTS=XF86VidModeQueryExtension    CMakeFiles/cmTryCompileExec850686868.dir/CheckFunctionExists.c.o  -o cmTryCompileExec850686868 -rdynamic -lXxf86vm -lSM -lICE -lX11 -lXext 
make[1]: Leaving directory `/home/noober/My Programming/Libraries/Allegro/allegro-5.0.10/build/CMakeFiles/CMakeTmp'


Determining if the include file X11/extensions/Xinerama.h exists passed with the following output:
Change Dir: /home/noober/My Programming/Libraries/Allegro/allegro-5.0.10/build/CMakeFiles/CMakeTmp

Run Build Command:/usr/bin/make "cmTryCompileExec1352685835/fast"
/usr/bin/make -f CMakeFiles/cmTryCompileExec1352685835.dir/build.make CMakeFiles/cmTryCompileExec1352685835.dir/build
make[1]: Entering directory `/home/noober/My Programming/Libraries/Allegro/allegro-5.0.10/build/CMakeFiles/CMakeTmp'
/usr/bin/cmake -E cmake_progress_report "/home/noober/My Programming/Libraries/Allegro/allegro-5.0.10/build/CMakeFiles/CMakeTmp/CMakeFiles" 1
Building C object CMakeFiles/cmTryCompileExec1352685835.dir/CheckIncludeFile.c.o
/usr/bin/cc   -msse -W -Wall      -o CMakeFiles/cmTryCompileExec1352685835.dir/CheckIncludeFile.c.o   -c "/home/noober/My Programming/Libraries/Allegro/allegro-5.0.10/build/CMakeFiles/CMakeTmp/CheckIncludeFile.c"
Linking C executable cmTryCompileExec1352685835
/usr/bin/cmake -E cmake_link_script CMakeFiles/cmTryCompileExec1352685835.dir/link.txt --verbose=1
/usr/bin/cc    -msse -W -Wall       CMakeFiles/cmTryCompileExec1352685835.dir/CheckIncludeFile.c.o  -o cmTryCompileExec1352685835 -rdynamic 
make[1]: Leaving directory `/home/noober/My Programming/Libraries/Allegro/allegro-5.0.10/build/CMakeFiles/CMakeTmp'


Determining if the function XineramaQueryExtension exists in the Xinerama passed with the following output:
Change Dir: /home/noober/My Programming/Libraries/Allegro/allegro-5.0.10/build/CMakeFiles/CMakeTmp

Run Build Command:/usr/bin/make "cmTryCompileExec2953066809/fast"
/usr/bin/make -f CMakeFiles/cmTryCompileExec2953066809.dir/build.make CMakeFiles/cmTryCompileExec2953066809.dir/build
make[1]: Entering directory `/home/noober/My Programming/Libraries/Allegro/allegro-5.0.10/build/CMakeFiles/CMakeTmp'
/usr/bin/cmake -E cmake_progress_report "/home/noober/My Programming/Libraries/Allegro/allegro-5.0.10/build/CMakeFiles/CMakeTmp/CMakeFiles" 1
Building C object CMakeFiles/cmTryCompileExec2953066809.dir/CheckFunctionExists.c.o
/usr/bin/cc   -msse -W -Wall   -DCHECK_FUNCTION_EXISTS=XineramaQueryExtension   -o CMakeFiles/cmTryCompileExec2953066809.dir/CheckFunctionExists.c.o   -c /usr/share/cmake-2.8/Modules/CheckFunctionExists.c
Linking C executable cmTryCompileExec2953066809
/usr/bin/cmake -E cmake_link_script CMakeFiles/cmTryCompileExec2953066809.dir/link.txt --verbose=1
/usr/bin/cc    -msse -W -Wall   -DCHECK_FUNCTION_EXISTS=XineramaQueryExtension    CMakeFiles/cmTryCompileExec2953066809.dir/CheckFunctionExists.c.o  -o cmTryCompileExec2953066809 -rdynamic -lXinerama -lSM -lICE -lX11 -lXext 
make[1]: Leaving directory `/home/noober/My Programming/Libraries/Allegro/allegro-5.0.10/build/CMakeFiles/CMakeTmp'


Determining if the include file X11/extensions/Xrandr.h exists passed with the following output:
Change Dir: /home/noober/My Programming/Libraries/Allegro/allegro-5.0.10/build/CMakeFiles/CMakeTmp

Run Build Command:/usr/bin/make "cmTryCompileExec1450580025/fast"
/usr/bin/make -f CMakeFiles/cmTryCompileExec1450580025.dir/build.make CMakeFiles/cmTryCompileExec1450580025.dir/build
make[1]: Entering directory `/home/noober/My Programming/Libraries/Allegro/allegro-5.0.10/build/CMakeFiles/CMakeTmp'
/usr/bin/cmake -E cmake_progress_report "/home/noober/My Programming/Libraries/Allegro/allegro-5.0.10/build/CMakeFiles/CMakeTmp/CMakeFiles" 1
Building C object CMakeFiles/cmTryCompileExec1450580025.dir/CheckIncludeFile.c.o
/usr/bin/cc   -msse -W -Wall      -o CMakeFiles/cmTryCompileExec1450580025.dir/CheckIncludeFile.c.o   -c "/home/noober/My Programming/Libraries/Allegro/allegro-5.0.10/build/CMakeFiles/CMakeTmp/CheckIncludeFile.c"
Linking C executable cmTryCompileExec1450580025
/usr/bin/cmake -E cmake_link_script CMakeFiles/cmTryCompileExec1450580025.dir/link.txt --verbose=1
/usr/bin/cc    -msse -W -Wall       CMakeFiles/cmTryCompileExec1450580025.dir/CheckIncludeFile.c.o  -o cmTryCompileExec1450580025 -rdynamic 
make[1]: Leaving directory `/home/noober/My Programming/Libraries/Allegro/allegro-5.0.10/build/CMakeFiles/CMakeTmp'


Determining if the function XRRQueryExtension exists in the Xrandr passed with the following output:
Change Dir: /home/noober/My Programming/Libraries/Allegro/allegro-5.0.10/build/CMakeFiles/CMakeTmp

Run Build Command:/usr/bin/make "cmTryCompileExec1079969409/fast"
/usr/bin/make -f CMakeFiles/cmTryCompileExec1079969409.dir/build.make CMakeFiles/cmTryCompileExec1079969409.dir/build
make[1]: Entering directory `/home/noober/My Programming/Libraries/Allegro/allegro-5.0.10/build/CMakeFiles/CMakeTmp'
/usr/bin/cmake -E cmake_progress_report "/home/noober/My Programming/Libraries/Allegro/allegro-5.0.10/build/CMakeFiles/CMakeTmp/CMakeFiles" 1
Building C object CMakeFiles/cmTryCompileExec1079969409.dir/CheckFunctionExists.c.o
/usr/bin/cc   -msse -W -Wall   -DCHECK_FUNCTION_EXISTS=XRRQueryExtension   -o CMakeFiles/cmTryCompileExec1079969409.dir/CheckFunctionExists.c.o   -c /usr/share/cmake-2.8/Modules/CheckFunctionExists.c
Linking C executable cmTryCompileExec1079969409
/usr/bin/cmake -E cmake_link_script CMakeFiles/cmTryCompileExec1079969409.dir/link.txt --verbose=1
/usr/bin/cc    -msse -W -Wall   -DCHECK_FUNCTION_EXISTS=XRRQueryExtension    CMakeFiles/cmTryCompileExec1079969409.dir/CheckFunctionExists.c.o  -o cmTryCompileExec1079969409 -rdynamic -lXrandr -lSM -lICE -lX11 -lXext 
make[1]: Leaving directory `/home/noober/My Programming/Libraries/Allegro/allegro-5.0.10/build/CMakeFiles/CMakeTmp'


Determining if the function XOpenIM exists in the X11 passed with the following output:
Change Dir: /home/noober/My Programming/Libraries/Allegro/allegro-5.0.10/build/CMakeFiles/CMakeTmp

Run Build Command:/usr/bin/make "cmTryCompileExec430540635/fast"
/usr/bin/make -f CMakeFiles/cmTryCompileExec430540635.dir/build.make CMakeFiles/cmTryCompileExec430540635.dir/build
make[1]: Entering directory `/home/noober/My Programming/Libraries/Allegro/allegro-5.0.10/build/CMakeFiles/CMakeTmp'
/usr/bin/cmake -E cmake_progress_report "/home/noober/My Programming/Libraries/Allegro/allegro-5.0.10/build/CMakeFiles/CMakeTmp/CMakeFiles" 1
Building C object CMakeFiles/cmTryCompileExec430540635.dir/CheckFunctionExists.c.o
/usr/bin/cc   -msse -W -Wall   -DCHECK_FUNCTION_EXISTS=XOpenIM   -o CMakeFiles/cmTryCompileExec430540635.dir/CheckFunctionExists.c.o   -c /usr/share/cmake-2.8/Modules/CheckFunctionExists.c
Linking C executable cmTryCompileExec430540635
/usr/bin/cmake -E cmake_link_script CMakeFiles/cmTryCompileExec430540635.dir/link.txt --verbose=1
/usr/bin/cc    -msse -W -Wall   -DCHECK_FUNCTION_EXISTS=XOpenIM    CMakeFiles/cmTryCompileExec430540635.dir/CheckFunctionExists.c.o  -o cmTryCompileExec430540635 -rdynamic -lX11 -lSM -lICE -lX11 -lXext 
make[1]: Leaving directory `/home/noober/My Programming/Libraries/Allegro/allegro-5.0.10/build/CMakeFiles/CMakeTmp'


Performing C SOURCE FILE Test OSS_COMPILES succeded with the following output:
Change Dir: /home/noober/My Programming/Libraries/Allegro/allegro-5.0.10/build/CMakeFiles/CMakeTmp

Run Build Command:/usr/bin/make "cmTryCompileExec3620950055/fast"
/usr/bin/make -f CMakeFiles/cmTryCompileExec3620950055.dir/build.make CMakeFiles/cmTryCompileExec3620950055.dir/build
make[1]: Entering directory `/home/noober/My Programming/Libraries/Allegro/allegro-5.0.10/build/CMakeFiles/CMakeTmp'
/usr/bin/cmake -E cmake_progress_report "/home/noober/My Programming/Libraries/Allegro/allegro-5.0.10/build/CMakeFiles/CMakeTmp/CMakeFiles" 1
Building C object CMakeFiles/cmTryCompileExec3620950055.dir/src.c.o
/usr/bin/cc  -DALLEGRO_HAVE_LINUX_SOUNDCARD_H -DALLEGRO_HAVE_SYS_SOUNDCARD_H -msse -W -Wall   -DOSS_COMPILES   -o CMakeFiles/cmTryCompileExec3620950055.dir/src.c.o   -c "/home/noober/My Programming/Libraries/Allegro/allegro-5.0.10/build/CMakeFiles/CMakeTmp/src.c"
/home/noober/My Programming/Libraries/Allegro/allegro-5.0.10/build/CMakeFiles/CMakeTmp/src.c: In function main:
/home/noober/My Programming/Libraries/Allegro/allegro-5.0.10/build/CMakeFiles/CMakeTmp/src.c:15:28: warning: unused variable abi [-Wunused-variable]
Linking C executable cmTryCompileExec3620950055
/usr/bin/cmake -E cmake_link_script CMakeFiles/cmTryCompileExec3620950055.dir/link.txt --verbose=1
/usr/bin/cc    -msse -W -Wall   -DOSS_COMPILES    CMakeFiles/cmTryCompileExec3620950055.dir/src.c.o  -o cmTryCompileExec3620950055 -rdynamic 
make[1]: Leaving directory `/home/noober/My Programming/Libraries/Allegro/allegro-5.0.10/build/CMakeFiles/CMakeTmp'

Source file was:

        #ifdef ALLEGRO_HAVE_SOUNDCARD_H
        #include <soundcard.h>
        #endif
        #ifdef ALLEGRO_HAVE_SYS_SOUNDCARD_H
        #include <sys/soundcard.h>
        #endif
        #ifdef ALLEGRO_HAVE_LINUX_SOUNDCARD_H
        #include <linux/soundcard.h>
        #endif
        #ifdef ALLEGRO_HAVE_MACHINE_SOUNDCARD_H
        #include <machine/soundcard.h>
        #endif
        int main(void) {
            audio_buf_info abi;
            return 0;
        }
Performing C SOURCE FILE Test PULSEAUDIO_COMPILES succeded with the following output:
Change Dir: /home/noober/My Programming/Libraries/Allegro/allegro-5.0.10/build/CMakeFiles/CMakeTmp

Run Build Command:/usr/bin/make "cmTryCompileExec303491095/fast"
/usr/bin/make -f CMakeFiles/cmTryCompileExec303491095.dir/build.make CMakeFiles/cmTryCompileExec303491095.dir/build
make[1]: Entering directory `/home/noober/My Programming/Libraries/Allegro/allegro-5.0.10/build/CMakeFiles/CMakeTmp'
/usr/bin/cmake -E cmake_progress_report "/home/noober/My Programming/Libraries/Allegro/allegro-5.0.10/build/CMakeFiles/CMakeTmp/CMakeFiles" 1
Building C object CMakeFiles/cmTryCompileExec303491095.dir/src.c.o
/usr/bin/cc   -msse -W -Wall   -DPULSEAUDIO_COMPILES   -o CMakeFiles/cmTryCompileExec303491095.dir/src.c.o   -c "/home/noober/My Programming/Libraries/Allegro/allegro-5.0.10/build/CMakeFiles/CMakeTmp/src.c"
/home/noober/My Programming/Libraries/Allegro/allegro-5.0.10/build/CMakeFiles/CMakeTmp/src.c: In function main:
/home/noober/My Programming/Libraries/Allegro/allegro-5.0.10/build/CMakeFiles/CMakeTmp/src.c:11:34: warning: unused variable ss [-Wunused-variable]
/home/noober/My Programming/Libraries/Allegro/allegro-5.0.10/build/CMakeFiles/CMakeTmp/src.c:10:31: warning: unused variable si [-Wunused-variable]
/home/noober/My Programming/Libraries/Allegro/allegro-5.0.10/build/CMakeFiles/CMakeTmp/src.c:9:29: warning: unused variable c [-Wunused-variable]
Linking C executable cmTryCompileExec303491095
/usr/bin/cmake -E cmake_link_script CMakeFiles/cmTryCompileExec303491095.dir/link.txt --verbose=1
/usr/bin/cc    -msse -W -Wall   -DPULSEAUDIO_COMPILES    CMakeFiles/cmTryCompileExec303491095.dir/src.c.o  -o cmTryCompileExec303491095 -rdynamic 
make[1]: Leaving directory `/home/noober/My Programming/Libraries/Allegro/allegro-5.0.10/build/CMakeFiles/CMakeTmp'

Source file was:

            #include <pulse/simple.h>
            #include <pulse/error.h>
            #include <pulse/introspect.h>
            #include <pulse/mainloop.h>
            int main(void)
            {
                /* Require pulseaudio 0.9.15 */
                pa_context *c;
                pa_sink_info *si;
                pa_sink_state_t *ss;
                return 0;
            }
Performing C SOURCE FILE Test FLAC_COMPILES succeded with the following output:
Change Dir: /home/noober/My Programming/Libraries/Allegro/allegro-5.0.10/build/CMakeFiles/CMakeTmp

Run Build Command:/usr/bin/make "cmTryCompileExec1522394045/fast"
/usr/bin/make -f CMakeFiles/cmTryCompileExec1522394045.dir/build.make CMakeFiles/cmTryCompileExec1522394045.dir/build
make[1]: Entering directory `/home/noober/My Programming/Libraries/Allegro/allegro-5.0.10/build/CMakeFiles/CMakeTmp'
/usr/bin/cmake -E cmake_progress_report "/home/noober/My Programming/Libraries/Allegro/allegro-5.0.10/build/CMakeFiles/CMakeTmp/CMakeFiles" 1
Building C object CMakeFiles/cmTryCompileExec1522394045.dir/src.c.o
/usr/bin/cc   -msse -W -Wall   -DFLAC_COMPILES   -o CMakeFiles/cmTryCompileExec1522394045.dir/src.c.o   -c "/home/noober/My Programming/Libraries/Allegro/allegro-5.0.10/build/CMakeFiles/CMakeTmp/src.c"
/home/noober/My Programming/Libraries/Allegro/allegro-5.0.10/build/CMakeFiles/CMakeTmp/src.c: In function main:
/home/noober/My Programming/Libraries/Allegro/allegro-5.0.10/build/CMakeFiles/CMakeTmp/src.c:5:47: warning: unused variable status [-Wunused-variable]
Linking C executable cmTryCompileExec1522394045
/usr/bin/cmake -E cmake_link_script CMakeFiles/cmTryCompileExec1522394045.dir/link.txt --verbose=1
/usr/bin/cc    -msse -W -Wall   -DFLAC_COMPILES    CMakeFiles/cmTryCompileExec1522394045.dir/src.c.o  -o cmTryCompileExec1522394045 -rdynamic -lFLAC -logg 
make[1]: Leaving directory `/home/noober/My Programming/Libraries/Allegro/allegro-5.0.10/build/CMakeFiles/CMakeTmp'

Source file was:

            #include <FLAC/stream_decoder.h>
            int main(void)
            {
                FLAC__StreamDecoderInitStatus status;
                return 0;
            }
Performing C SOURCE FILE Test DUMB_COMPILES succeded with the following output:
Change Dir: /home/noober/My Programming/Libraries/Allegro/allegro-5.0.10/build/CMakeFiles/CMakeTmp

Run Build Command:/usr/bin/make "cmTryCompileExec2647987839/fast"
/usr/bin/make -f CMakeFiles/cmTryCompileExec2647987839.dir/build.make CMakeFiles/cmTryCompileExec2647987839.dir/build
make[1]: Entering directory `/home/noober/My Programming/Libraries/Allegro/allegro-5.0.10/build/CMakeFiles/CMakeTmp'
/usr/bin/cmake -E cmake_progress_report "/home/noober/My Programming/Libraries/Allegro/allegro-5.0.10/build/CMakeFiles/CMakeTmp/CMakeFiles" 1
Building C object CMakeFiles/cmTryCompileExec2647987839.dir/src.c.o
/usr/bin/cc   -msse -W -Wall   -DDUMB_COMPILES   -o CMakeFiles/cmTryCompileExec2647987839.dir/src.c.o   -c "/home/noober/My Programming/Libraries/Allegro/allegro-5.0.10/build/CMakeFiles/CMakeTmp/src.c"
Linking C executable cmTryCompileExec2647987839
/usr/bin/cmake -E cmake_link_script CMakeFiles/cmTryCompileExec2647987839.dir/link.txt --verbose=1
/usr/bin/cc    -msse -W -Wall   -DDUMB_COMPILES    CMakeFiles/cmTryCompileExec2647987839.dir/src.c.o  -o cmTryCompileExec2647987839 -rdynamic -ldumb 
make[1]: Leaving directory `/home/noober/My Programming/Libraries/Allegro/allegro-5.0.10/build/CMakeFiles/CMakeTmp'

Source file was:

            #include <dumb.h>
            int main(void)
            {
                dumb_register_stdfiles();
                return 0;
            }
Performing C SOURCE FILE Test VORBIS_COMPILES succeded with the following output:
Change Dir: /home/noober/My Programming/Libraries/Allegro/allegro-5.0.10/build/CMakeFiles/CMakeTmp

Run Build Command:/usr/bin/make "cmTryCompileExec1763256741/fast"
/usr/bin/make -f CMakeFiles/cmTryCompileExec1763256741.dir/build.make CMakeFiles/cmTryCompileExec1763256741.dir/build
make[1]: Entering directory `/home/noober/My Programming/Libraries/Allegro/allegro-5.0.10/build/CMakeFiles/CMakeTmp'
/usr/bin/cmake -E cmake_progress_report "/home/noober/My Programming/Libraries/Allegro/allegro-5.0.10/build/CMakeFiles/CMakeTmp/CMakeFiles" 1
Building C object CMakeFiles/cmTryCompileExec1763256741.dir/src.c.o
/usr/bin/cc   -msse -W -Wall   -DVORBIS_COMPILES   -o CMakeFiles/cmTryCompileExec1763256741.dir/src.c.o   -c "/home/noober/My Programming/Libraries/Allegro/allegro-5.0.10/build/CMakeFiles/CMakeTmp/src.c"
/home/noober/My Programming/Libraries/Allegro/allegro-5.0.10/build/CMakeFiles/CMakeTmp/src.c: In function main:
/home/noober/My Programming/Libraries/Allegro/allegro-5.0.10/build/CMakeFiles/CMakeTmp/src.c:6:30: warning: variable callback set but not used [-Wunused-but-set-variable]
Linking C executable cmTryCompileExec1763256741
/usr/bin/cmake -E cmake_link_script CMakeFiles/cmTryCompileExec1763256741.dir/link.txt --verbose=1
/usr/bin/cc    -msse -W -Wall   -DVORBIS_COMPILES    CMakeFiles/cmTryCompileExec1763256741.dir/src.c.o  -o cmTryCompileExec1763256741 -rdynamic -lvorbisfile -lvorbis -logg -lm 
make[1]: Leaving directory `/home/noober/My Programming/Libraries/Allegro/allegro-5.0.10/build/CMakeFiles/CMakeTmp'

Source file was:

            #include <vorbis/vorbisfile.h>
            int main(void)
            {
                OggVorbis_File f;
                ov_callbacks callback;
                vorbis_info *v = 0;
                (void)v;
                ov_info(&f, -1);
                callback = OV_CALLBACKS_NOCLOSE;
                return 0;
            }
Performing C SOURCE FILE Test PHYSFS_IMPLICIT_ZLIB succeded with the following output:
Change Dir: /home/noober/My Programming/Libraries/Allegro/allegro-5.0.10/build/CMakeFiles/CMakeTmp

Run Build Command:/usr/bin/make "cmTryCompileExec1403659517/fast"
/usr/bin/make -f CMakeFiles/cmTryCompileExec1403659517.dir/build.make CMakeFiles/cmTryCompileExec1403659517.dir/build
make[1]: Entering directory `/home/noober/My Programming/Libraries/Allegro/allegro-5.0.10/build/CMakeFiles/CMakeTmp'
/usr/bin/cmake -E cmake_progress_report "/home/noober/My Programming/Libraries/Allegro/allegro-5.0.10/build/CMakeFiles/CMakeTmp/CMakeFiles" 1
Building C object CMakeFiles/cmTryCompileExec1403659517.dir/src.c.o
/usr/bin/cc   -msse -W -Wall   -DPHYSFS_IMPLICIT_ZLIB   -o CMakeFiles/cmTryCompileExec1403659517.dir/src.c.o   -c "/home/noober/My Programming/Libraries/Allegro/allegro-5.0.10/build/CMakeFiles/CMakeTmp/src.c"
Linking C executable cmTryCompileExec1403659517
/usr/bin/cmake -E cmake_link_script CMakeFiles/cmTryCompileExec1403659517.dir/link.txt --verbose=1
/usr/bin/cc    -msse -W -Wall   -DPHYSFS_IMPLICIT_ZLIB    CMakeFiles/cmTryCompileExec1403659517.dir/src.c.o  -o cmTryCompileExec1403659517 -rdynamic -lphysfs 
make[1]: Leaving directory `/home/noober/My Programming/Libraries/Allegro/allegro-5.0.10/build/CMakeFiles/CMakeTmp'

Source file was:

            #include <physfs.h>

            int main(int argc, char **argv)
            {
                (void)argc;
                PHYSFS_init(argv[0]);
                PHYSFS_deinit();
                return 0;
            }
